Sensor_RAW dB 3_Stage_Level
663     55     Quite
648     58     Quite
658     56     Quite
658     57     Quite
647     55     Quite
656     56     Quite
656     56     Quite
660     56     Quite
653     56     Quite
653     56     Quite
650     56     Quite
657     56     Quite
641     54     Quite
647     57     Quite
651     53     Quite
656     55     Quite
678     54     Quite
656     56     Quite
656     56     Quite
647     53     Quite
662     57     Quite
656     54     Quite
661     56     Quite
695     56     Quite
659     53     Quite
656     56     Quite
656     56     Quite
661     55     Quite
647     58     Quite
659     56     Quite
656     55     Quite
647     54     Quite
654     56     Quite
656     56     Quite
646     56     Quite
651     56     Quite
666     58     Quite
656     53     Quite
672     54     Quite
656     53     Quite
649     57     Quite
656     53     Quite
662     54     Quite
656     54     Quite
590     51     Quite
656     56     Quite
650     53     Quite
659     53     Quite
667     57     Quite
656     57     Quite
663     53     Quite
662     54     Quite
652     56     Quite
654     55     Quite
657     53     Quite
656     55     Quite
666     54     Quite
653     55     Quite
707     54     Quite
656     55     Quite
661     56     Quite
667     55     Quite
661     53     Quite
659     53     Quite
657     55     Quite
670     56     Quite
651     54     Quite
655     56     Quite
642     56     Quite
647     54     Quite
655     55     Quite
656     55     Quite
720     57     Quite
673     55     Quite
653     55     Quite
667     56     Quite
657     54     Quite
656     55     Quite
694     54     Quite
652     54     Quite
658     53     Quite
666     52     Quite
657     56     Quite
655     54     Quite
673     54     Quite
676     54     Quite
665     52     Quite
656     54     Quite
663     55     Quite
659     55     Quite
651     54     Quite
670     54     Quite
660     56     Quite
667     55     Quite
658     57     Quite
662     58     Quite
675     54     Quite
657     55     Quite
657     56     Quite
665     55     Quite
681     55     Quite
657     55     Quite
670     54     Quite
672     56     Quite
662     55     Quite
661     56     Quite
662     56     Quite
663     54     Quite
656     55     Quite
656     55     Quite
674     55     Quite
659     55     Quite
662     56     Quite
667     55     Quite
659     53     Quite
656     55     Quite
666     53     Quite
679     55     Quite
678     57     Quite
667     54     Quite
668     57     Quite
683     53     Quite
662     55     Quite
579     54     Quite
656     56     Quite
664     55     Quite
668     57     Quite
663     53     Quite
656     55     Quite
660     55     Quite
665     56     Quite
669     55     Quite
677     56     Quite
669     55     Quite
658     54     Quite
670     54     Quite
657     55     Quite
667     54     Quite
667     55     Quite
677     53     Quite
666     56     Quite
662     54     Quite
663     54     Quite
659     54     Quite
675     56     Quite
677     54     Quite
661     55     Quite
669     53     Quite
665     54     Quite
666     55     Quite
673     56     Quite
663     52     Quite
663     54     Quite
663     56     Quite
656     54     Quite
660     57     Quite
645     53     Quite
658     55     Quite
659     55     Quite
665     56     Quite
666     53     Quite
651     53     Quite
751     56     Quite
658     56     Quite
664     53     Quite
666     53     Quite
700     57     Quite
657     54     Quite
670     56     Quite
669     56     Quite
656     55     Quite
655     54     Quite
658     56     Quite
667     56     Quite
655     56     Quite
666     58     Quite
669     55     Quite
682     55     Quite
675     53     Quite
664     55     Quite
669     53     Quite
662     56     Quite
661     54     Quite
669     55     Quite
675     55     Quite
563     56     Quite
674     55     Quite
682     55     Quite
676     57     Quite
678     55     Quite
669     55     Quite
684     55     Quite
673     57     Quite
665     54     Quite
667     56     Quite
678     52     Quite
671     57     Quite
676     54     Quite
659     55     Quite
674     55     Quite
669     55     Quite
673     52     Quite
654     57     Quite
663     55     Quite
662     53     Quite
667     53     Quite
688     55     Quite
661     53     Quite
673     53     Quite
688     53     Quite
667     57     Quite
686     55     Quite
656     54     Quite
674     58     Quite
677     56     Quite
673     56     Quite
660     56     Quite
665     54     Quite
663     54     Quite
666     54     Quite
676     53     Quite
675     56     Quite
668     55     Quite
681     53     Quite
671     53     Quite
667     57     Quite
672     55     Quite
669     55     Quite
662     53     Quite
680     56     Quite
682     54     Quite
668     56     Quite
681     57     Quite
683     55     Quite
682     57     Quite
663     56     Quite
679     52     Quite
673     51     Quite
674     55     Quite
677     56     Quite
676     55     Quite
677     52     Quite
671     54     Quite
675     54     Quite
663     56     Quite
675     55     Quite
666     55     Quite
685     55     Quite
658     56     Quite
665     53     Quite
671     52     Quite
674     53     Quite
686     58     Quite
676     56     Quite
661     56     Quite
753     55     Quite
683     54     Quite
668     56     Quite
681     54     Quite
677     55     Quite
672     54     Quite
678     56     Quite
665     56     Quite
667     53     Quite
683     51     Quite
686     53     Quite
659     54     Quite
671     58     Quite
663     54     Quite
662     52     Quite
673     53     Quite
678     57     Quite
752     53     Quite
672     57     Quite
678     55     Quite
661     54     Quite
673     56     Quite
669     55     Quite
683     57     Quite
677     56     Quite
673     53     Quite
663     54     Quite
670     54     Quite
673     54     Quite
670     56     Quite
660     53     Quite
675     56     Quite
665     53     Quite
671     53     Quite
669     55     Quite
666     55     Quite
675     56     Quite
674     55     Quite
672     53     Quite
667     56     Quite
681     56     Quite
662     54     Quite
677     56     Quite
689     54     Quite
677     53     Quite
652     55     Quite
662     54     Quite
661     54     Quite
675     57     Quite
657     54     Quite
667     54     Quite
687     56     Quite
673     53     Quite
672     57     Quite
665     54     Quite
678     53     Quite
663     56     Quite
665     53     Quite
663     56     Quite
673     54     Quite
688     55     Quite
667     56     Quite
681     55     Quite
674     55     Quite
679     57     Quite
666     55     Quite
668     53     Quite
673     55     Quite
675     55     Quite
663     57     Quite
682     56     Quite
663     53     Quite
681     54     Quite
685     52     Quite
662     53     Quite
656     56     Quite
669     53     Quite
657     54     Quite
665     55     Quite
678     51     Quite
675     56     Quite
686     55     Quite
668     58     Quite
666     57     Quite
674     56     Quite
661     54     Quite
665     55     Quite
663     52     Quite
675     55     Quite
686     52     Quite
678     54     Quite
669     57     Quite
686     55     Quite
677     56     Quite
668     56     Quite
657     53     Quite
663     57     Quite
763     54     Quite
684     56     Quite
671     52     Quite
687     54     Quite
687     54     Quite
682     58     Quite
661     56     Quite
671     53     Quite
672     55     Quite
666     55     Quite
670     54     Quite
683     55     Quite
661     57     Quite
668     55     Quite
675     57     Quite
686     54     Quite
671     54     Quite
613     54     Quite
663     57     Quite
669     56     Quite
683     50     Quite
663     52     Quite
613     56     Quite
659     54     Quite
651     54     Quite
677     55     Quite
566     53     Quite
666     57     Quite
658     54     Quite
663     52     Quite
675     56     Quite
671     56     Quite
670     53     Quite
674     53     Quite
678     56     Quite
686     58     Quite
673     55     Quite
673     57     Quite
661     54     Quite
665     57     Quite
668     53     Quite
680     54     Quite
673     53     Quite
663     56     Quite
688     55     Quite
667     53     Quite
665     54     Quite
660     54     Quite
662     55     Quite
673     55     Quite
667     56     Quite
679     57     Quite
663     56     Quite
673     55     Quite
682     56     Quite
679     53     Quite
656     54     Quite
660     51     Quite
665     54     Quite
662     56     Quite
669     52     Quite
657     54     Quite
669     57     Quite
672     58     Quite
675     53     Quite
663     53     Quite
672     56     Quite
669     51     Quite
666     54     Quite
674     53     Quite
674     55     Quite
673     54     Quite
660     54     Quite
671     56     Quite
659     56     Quite
666     54     Quite
722     56     Quite
671     55     Quite
669     55     Quite
656     54     Quite
667     54     Quite
675     53     Quite
666     54     Quite
658     54     Quite
672     58     Quite
675     55     Quite
668     53     Quite
682     54     Quite
686     56     Quite
667     55     Quite
658     54     Quite
679     56     Quite
671     54     Quite
673     54     Quite
674     56     Quite
719     53     Quite
672     55     Quite
671     53     Quite
665     55     Quite
682     52     Quite
656     54     Quite
669     55     Quite
668     53     Quite
682     55     Quite
683     53     Quite
659     56     Quite
678     56     Quite
710     55     Quite
681     53     Quite
665     55     Quite
664     54     Quite
660     56     Quite
673     56     Quite
671     56     Quite
664     55     Quite
659     56     Quite
676     53     Quite
674     54     Quite
673     54     Quite
682     52     Quite
678     56     Quite
670     57     Quite
683     55     Quite
677     54     Quite
679     55     Quite
685     54     Quite
670     56     Quite
672     55     Quite
671     54     Quite
674     54     Quite
663     58     Quite
666     54     Quite
673     55     Quite
674     53     Quite
660     52     Quite
657     54     Quite
663     55     Quite
672     56     Quite
668     54     Quite
683     53     Quite
675     54     Quite
670     57     Quite
666     55     Quite
668     56     Quite
666     54     Quite
675     55     Quite
683     53     Quite
672     55     Quite
675     56     Quite
662     54     Quite
679     56     Quite
666     54     Quite
669     55     Quite
666     51     Quite
666     52     Quite
674     54     Quite
669     54     Quite
674     56     Quite
670     56     Quite
677     57     Quite
669     53     Quite
672     55     Quite
658     55     Quite
667     54     Quite
671     55     Quite
670     57     Quite
670     56     Quite
672     57     Quite
683     53     Quite
666     54     Quite
638     55     Quite
671     55     Quite
675     54     Quite
688     56     Quite
670     58     Quite
665     54     Quite
673     54     Quite
657     57     Quite
654     53     Quite
677     54     Quite
671     57     Quite
662     58     Quite
645     54     Quite
670     55     Quite
679     54     Quite
670     55     Quite
675     53     Quite
674     55     Quite
672     57     Quite
659     53     Quite
668     56     Quite
671     57     Quite
673     52     Quite
671     54     Quite
674     54     Quite
667     54     Quite
674     56     Quite
673     54     Quite
675     55     Quite
674     55     Quite
669     54     Quite
672     52     Quite
678     53     Quite
656     52     Quite
662     53     Quite
673     56     Quite
669     54     Quite
659     52     Quite
671     53     Quite
663     55     Quite
673     57     Quite
666     50     Quite
685     53     Quite
674     54     Quite
672     54     Quite
661     54     Quite
679     56     Quite
664     56     Quite
688     56     Quite
671     55     Quite
687     53     Quite
662     56     Quite
677     54     Quite
669     55     Quite
677     55     Quite
659     54     Quite
669     56     Quite
675     57     Quite
682     54     Quite
670     55     Quite
666     54     Quite
656     56     Quite
670     57     Quite
660     55     Quite
678     55     Quite
674     56     Quite
676     55     Quite
659     58     Quite
664     55     Quite
669     55     Quite
674     55     Quite
679     57     Quite
670     59     Quite
673     56     Quite
670     53     Quite
671     56     Quite
665     54     Quite
673     53     Quite
677     57     Quite
683     55     Quite
666     55     Quite
667     56     Quite
675     56     Quite
657     54     Quite
672     53     Quite
669     55     Quite
669     54     Quite
679     55     Quite
687     56     Quite
672     58     Quite
677     56     Quite
672     57     Quite
661     53     Quite
686     53     Quite
664     55     Quite
665     55     Quite
669     57     Quite
672     53     Quite
673     53     Quite
669     55     Quite
659     55     Quite
669     54     Quite
677     52     Quite
663     56     Quite
667     51     Quite
669     56     Quite
672     55     Quite
663     52     Quite
651     53     Quite
671     57     Quite
671     56     Quite
670     54     Quite
666     55     Quite
661     55     Quite
666     56     Quite
667     54     Quite
669     54     Quite
666     52     Quite
670     55     Quite
667     56     Quite
675     57     Quite
671     52     Quite
678     56     Quite
683     54     Quite
670     54     Quite
667     55     Quite
670     54     Quite
663     56     Quite
667     53     Quite
678     54     Quite
686     53     Quite
671     56     Quite
661     53     Quite
663     54     Quite
678     56     Quite
718     53     Quite
687     55     Quite
667     55     Quite
662     56     Quite
687     56     Quite
669     54     Quite
671     55     Quite
679     56     Quite
654     53     Quite
665     55     Quite
676     56     Quite
682     54     Quite
667     56     Quite
658     52     Quite
666     56     Quite
687     53     Quite
656     55     Quite
672     55     Quite
667     53     Quite
674     54     Quite
669     54     Quite
679     55     Quite
671     54     Quite
678     53     Quite
678     54     Quite
663     54     Quite
677     53     Quite
670     57     Quite
672     55     Quite
686     56     Quite
673     55     Quite
704     54     Quite
674     55     Quite
680     57     Quite
663     56     Quite
657     55     Quite
667     55     Quite
667     55     Quite
673     55     Quite
677     54     Quite
675     53     Quite
670     54     Quite
679     53     Quite
671     56     Quite
660     54     Quite
672     55     Quite
679     56     Quite
667     56     Quite
679     56     Quite
664     53     Quite
684     54     Quite
670     56     Quite
669     53     Quite
654     55     Quite
683     55     Quite
686     57     Quite
675     53     Quite
665     56     Quite
686     54     Quite
672     53     Quite
685     57     Quite
666     55     Quite
667     57     Quite
656     57     Quite
679     53     Quite
675     55     Quite
666     53     Quite
661     56     Quite
682     55     Quite
672     56     Quite
677     54     Quite
667     53     Quite
662     55     Quite
678     55     Quite
685     53     Quite
682     53     Quite
678     59     Quite
679     56     Quite
663     54     Quite
667     53     Quite
678     54     Quite
688     56     Quite
678     55     Quite
687     55     Quite
670     54     Quite
671     55     Quite
679     54     Quite
662     55     Quite
665     56     Quite
679     54     Quite
669     55     Quite
673     54     Quite
663     56     Quite
667     56     Quite
677     53     Quite
672     56     Quite
679     52     Quite
658     58     Quite
695     53     Quite
683     56     Quite
666     55     Quite
671     55     Quite
674     51     Quite
682     51     Quite
671     55     Quite
663     53     Quite
675     57     Quite
657     56     Quite
672     57     Quite
666     54     Quite
679     54     Quite
676     54     Quite
675     54     Quite
625     56     Quite
658     55     Quite
671     53     Quite
662     55     Quite
661     55     Quite
674     55     Quite
666     56     Quite
662     58     Quite
670     55     Quite
676     52     Quite
675     53     Quite
659     54     Quite
663     56     Quite
662     56     Quite
673     55     Quite
666     56     Quite
669     56     Quite
682     54     Quite
672     55     Quite
681     53     Quite
670     56     Quite
672     54     Quite
678     55     Quite
658     51     Quite
676     55     Quite
684     54     Quite
667     54     Quite
666     56     Quite
674     55     Quite
675     52     Quite
671     54     Quite
646     56     Quite
674     56     Quite
672     55     Quite
684     56     Quite
682     55     Quite
665     54     Quite
657     54     Quite
659     55     Quite
666     54     Quite
679     54     Quite
671     56     Quite
678     54     Quite
669     53     Quite
680     58     Quite
666     55     Quite
677     53     Quite
678     54     Quite
656     55     Quite
688     56     Quite
651     56     Quite
688     56     Quite
669     55     Quite
678     55     Quite
673     57     Quite
