Sensor_RAW dB 3_Stage_Level
754     55     Quite
762     56     Quite
754     57     Quite
786     55     Quite
757     55     Quite
759     54     Quite
752     56     Quite
779     54     Quite
770     53     Quite
761     55     Quite
761     54     Quite
763     54     Quite
751     55     Quite
790     57     Quite
767     56     Quite
730     53     Quite
767     58     Quite
775     58     Quite
754     57     Quite
766     55     Quite
771     53     Quite
769     55     Quite
757     57     Quite
766     56     Quite
773     53     Quite
757     55     Quite
755     56     Quite
763     55     Quite
766     54     Quite
768     55     Quite
758     53     Quite
774     55     Quite
769     53     Quite
773     56     Quite
753     54     Quite
699     58     Quite
767     54     Quite
759     56     Quite
755     57     Quite
753     54     Quite
763     55     Quite
753     56     Quite
750     56     Quite
767     57     Quite
757     57     Quite
778     56     Quite
737     54     Quite
767     56     Quite
766     53     Quite
769     55     Quite
763     56     Quite
753     57     Quite
754     55     Quite
762     55     Quite
764     55     Quite
752     56     Quite
758     56     Quite
752     54     Quite
757     55     Quite
753     55     Quite
771     54     Quite
754     54     Quite
767     56     Quite
752     55     Quite
855     56     Quite
734     54     Quite
778     57     Quite
746     56     Quite
753     53     Quite
758     58     Quite
747     56     Quite
759     55     Quite
740     56     Quite
750     54     Quite
741     56     Quite
768     59     Quite
737     54     Quite
779     55     Quite
741     54     Quite
727     59     Quite
756     57     Quite
752     54     Quite
752     59     Quite
800     57     Quite
773     57     Quite
767     56     Quite
753     57     Quite
766     58     Quite
757     56     Quite
771     56     Quite
765     57     Quite
762     54     Quite
747     56     Quite
755     56     Quite
767     55     Quite
766     56     Quite
766     54     Quite
777     54     Quite
758     54     Quite
758     56     Quite
753     55     Quite
763     55     Quite
765     57     Quite
768     55     Quite
758     55     Quite
759     56     Quite
767     56     Quite
759     56     Quite
766     53     Quite
768     56     Quite
753     56     Quite
769     54     Quite
769     57     Quite
767     55     Quite
734     55     Quite
759     54     Quite
759     55     Quite
766     55     Quite
766     55     Quite
753     53     Quite
764     55     Quite
768     55     Quite
766     52     Quite
769     55     Quite
761     58     Quite
768     56     Quite
755     55     Quite
761     53     Quite
768     53     Quite
759     54     Quite
756     54     Quite
767     55     Quite
745     55     Quite
762     56     Quite
761     53     Quite
765     57     Quite
767     57     Quite
784     56     Quite
768     55     Quite
765     54     Quite
752     56     Quite
758     55     Quite
765     55     Quite
777     55     Quite
759     56     Quite
759     55     Quite
762     53     Quite
757     54     Quite
767     56     Quite
764     54     Quite
765     55     Quite
769     56     Quite
771     52     Quite
763     53     Quite
759     54     Quite
765     57     Quite
761     58     Quite
763     57     Quite
768     55     Quite
754     55     Quite
768     53     Quite
753     56     Quite
753     53     Quite
759     55     Quite
759     53     Quite
759     53     Quite
752     55     Quite
756     54     Quite
768     57     Quite
765     56     Quite
752     54     Quite
773     56     Quite
768     55     Quite
755     56     Quite
761     57     Quite
839     57     Quite
757     56     Quite
760     55     Quite
757     56     Quite
733     55     Quite
743     57     Quite
762     56     Quite
763     54     Quite
767     57     Quite
757     57     Quite
768     54     Quite
759     54     Quite
769     54     Quite
737     56     Quite
768     54     Quite
753     52     Quite
758     58     Quite
773     54     Quite
783     56     Quite
765     57     Quite
763     52     Quite
766     55     Quite
771     53     Quite
757     52     Quite
763     57     Quite
769     55     Quite
758     55     Quite
759     55     Quite
767     55     Quite
768     57     Quite
755     57     Quite
773     56     Quite
757     56     Quite
752     55     Quite
763     56     Quite
773     55     Quite
763     57     Quite
773     56     Quite
761     54     Quite
755     56     Quite
755     59     Quite
749     53     Quite
770     57     Quite
762     57     Quite
736     56     Quite
760     56     Quite
759     55     Quite
769     54     Quite
765     55     Quite
756     54     Quite
762     55     Quite
767     56     Quite
766     54     Quite
753     57     Quite
761     56     Quite
752     55     Quite
765     56     Quite
752     57     Quite
758     53     Quite
767     55     Quite
753     51     Quite
756     54     Quite
739     54     Quite
759     55     Quite
763     55     Quite
763     57     Quite
767     56     Quite
752     51     Quite
774     57     Quite
752     56     Quite
763     55     Quite
765     54     Quite
765     56     Quite
757     55     Quite
770     55     Quite
755     56     Quite
758     52     Quite
770     56     Quite
755     53     Quite
757     55     Quite
771     55     Quite
773     55     Quite
751     56     Quite
762     56     Quite
768     55     Quite
763     56     Quite
770     55     Quite
757     54     Quite
768     57     Quite
753     56     Quite
758     52     Quite
767     55     Quite
755     53     Quite
752     55     Quite
752     57     Quite
765     56     Quite
762     57     Quite
768     56     Quite
774     55     Quite
761     55     Quite
763     57     Quite
766     55     Quite
758     55     Quite
763     55     Quite
763     56     Quite
762     56     Quite
761     55     Quite
765     55     Quite
765     56     Quite
765     53     Quite
761     56     Quite
752     54     Quite
759     55     Quite
772     55     Quite
759     54     Quite
763     56     Quite
751     54     Quite
778     54     Quite
761     55     Quite
765     55     Quite
757     53     Quite
761     55     Quite
751     58     Quite
763     54     Quite
761     54     Quite
770     55     Quite
769     57     Quite
754     55     Quite
764     55     Quite
753     55     Quite
753     53     Quite
752     52     Quite
755     55     Quite
769     54     Quite
766     56     Quite
755     55     Quite
763     55     Quite
751     55     Quite
767     54     Quite
764     54     Quite
771     54     Quite
765     57     Quite
759     55     Quite
761     54     Quite
763     53     Quite
762     57     Quite
765     54     Quite
758     55     Quite
758     55     Quite
772     54     Quite
758     52     Quite
771     56     Quite
761     56     Quite
752     52     Quite
758     56     Quite
768     53     Quite
762     55     Quite
761     54     Quite
763     56     Quite
764     57     Quite
773     56     Quite
763     52     Quite
764     56     Quite
768     55     Quite
766     55     Quite
753     55     Quite
752     56     Quite
759     56     Quite
768     58     Quite
761     54     Quite
769     54     Quite
768     56     Quite
766     56     Quite
767     54     Quite
765     57     Quite
762     55     Quite
756     57     Quite
752     55     Quite
758     53     Quite
754     54     Quite
759     53     Quite
765     56     Quite
755     56     Quite
773     56     Quite
776     55     Quite
766     57     Quite
761     53     Quite
762     56     Quite
775     54     Quite
760     55     Quite
768     54     Quite
688     55     Quite
761     54     Quite
848     54     Quite
765     56     Quite
752     57     Quite
766     55     Quite
737     57     Quite
761     57     Quite
753     55     Quite
765     53     Quite
726     54     Quite
754     55     Quite
766     56     Quite
765     56     Quite
777     56     Quite
763     54     Quite
767     57     Quite
763     54     Quite
762     55     Quite
766     55     Quite
765     53     Quite
762     55     Quite
759     54     Quite
758     55     Quite
756     55     Quite
762     57     Quite
766     56     Quite
764     55     Quite
762     55     Quite
755     52     Quite
769     55     Quite
748     56     Quite
787     54     Quite
753     53     Quite
755     55     Quite
762     54     Quite
758     54     Quite
761     55     Quite
763     57     Quite
766     57     Quite
759     54     Quite
762     54     Quite
749     58     Quite
754     55     Quite
747     54     Quite
757     53     Quite
766     55     Quite
763     54     Quite
741     53     Quite
766     53     Quite
763     55     Quite
742     55     Quite
759     56     Quite
773     56     Quite
771     55     Quite
758     55     Quite
762     56     Quite
769     58     Quite
766     57     Quite
762     55     Quite
763     56     Quite
765     55     Quite
752     55     Quite
759     57     Quite
752     57     Quite
757     57     Quite
755     56     Quite
766     57     Quite
761     54     Quite
761     57     Quite
766     55     Quite
769     55     Quite
758     56     Quite
767     56     Quite
757     58     Quite
769     54     Quite
762     55     Quite
761     54     Quite
754     55     Quite
762     53     Quite
754     57     Quite
764     56     Quite
768     56     Quite
752     53     Quite
761     56     Quite
762     53     Quite
758     53     Quite
755     57     Quite
778     56     Quite
763     52     Quite
753     54     Quite
771     56     Quite
761     56     Quite
755     55     Quite
753     55     Quite
751     55     Quite
809     55     Quite
749     51     Quite
780     56     Quite
763     56     Quite
762     55     Quite
762     53     Quite
750     56     Quite
763     53     Quite
768     55     Quite
763     54     Quite
747     55     Quite
773     55     Quite
758     54     Quite
694     56     Quite
720     56     Quite
751     55     Quite
783     54     Quite
765     53     Quite
771     56     Quite
761     56     Quite
752     54     Quite
745     54     Quite
755     54     Quite
758     57     Quite
752     55     Quite
794     55     Quite
766     56     Quite
781     56     Quite
750     56     Quite
767     52     Quite
778     55     Quite
766     57     Quite
766     55     Quite
749     54     Quite
773     55     Quite
759     56     Quite
749     57     Quite
775     56     Quite
768     56     Quite
768     53     Quite
752     56     Quite
752     54     Quite
778     56     Quite
758     56     Quite
780     55     Quite
730     54     Quite
781     53     Quite
765     56     Quite
777     55     Quite
745     53     Quite
757     57     Quite
767     53     Quite
758     55     Quite
755     55     Quite
750     55     Quite
772     52     Quite
739     54     Quite
757     53     Quite
757     52     Quite
758     54     Quite
769     56     Quite
770     55     Quite
752     57     Quite
770     55     Quite
758     55     Quite
838     55     Quite
767     53     Quite
769     57     Quite
752     54     Quite
769     53     Quite
764     57     Quite
755     56     Quite
756     54     Quite
753     57     Quite
763     53     Quite
