Sensor_RAW dB 3_Stage_Level
752     57     Quite
747     55     Quite
747     55     Quite
749     53     Quite
747     53     Quite
754     55     Quite
753     55     Quite
752     53     Quite
752     56     Quite
735     53     Quite
721     54     Quite
725     55     Quite
734     52     Quite
727     57     Quite
733     53     Quite
753     52     Quite
731     55     Quite
746     56     Quite
731     55     Quite
720     55     Quite
728     53     Quite
727     56     Quite
730     53     Quite
721     55     Quite
726     55     Quite
724     55     Quite
721     56     Quite
720     54     Quite
735     54     Quite
741     52     Quite
738     54     Quite
741     55     Quite
740     56     Quite
738     54     Quite
733     54     Quite
743     55     Quite
741     55     Quite
735     53     Quite
741     54     Quite
740     54     Quite
751     56     Quite
747     56     Quite
739     55     Quite
740     55     Quite
751     55     Quite
736     55     Quite
742     54     Quite
738     53     Quite
744     55     Quite
737     54     Quite
735     59     Quite
735     54     Quite
737     54     Quite
737     56     Quite
736     57     Quite
728     55     Quite
731     54     Quite
733     54     Quite
731     55     Quite
724     57     Quite
731     56     Quite
727     53     Quite
723     51     Quite
722     54     Quite
722     56     Quite
721     55     Quite
725     54     Quite
723     52     Quite
726     56     Quite
729     55     Quite
729     54     Quite
726     53     Quite
726     56     Quite
721     55     Quite
730     53     Quite
729     54     Quite
725     53     Quite
730     56     Quite
725     54     Quite
729     55     Quite
722     54     Quite
734     52     Quite
722     54     Quite
727     54     Quite
722     53     Quite
721     53     Quite
720     57     Quite
727     55     Quite
727     53     Quite
723     53     Quite
727     57     Quite
721     51     Quite
721     55     Quite
721     56     Quite
720     54     Quite
723     53     Quite
720     58     Quite
790     56     Quite
721     54     Quite
724     57     Quite
722     55     Quite
721     53     Quite
720     56     Quite
723     56     Quite
720     54     Quite
709     54     Quite
710     54     Quite
702     56     Quite
694     52     Quite
661     51     Quite
688     57     Quite
668     55     Quite
669     56     Quite
673     53     Quite
672     57     Quite
712     53     Quite
734     51     Quite
722     55     Quite
721     52     Quite
726     55     Quite
725     53     Quite
727     52     Quite
720     55     Quite
717     55     Quite
722     56     Quite
725     52     Quite
722     52     Quite
725     55     Quite
720     52     Quite
794     53     Quite
692     54     Quite
654     56     Quite
661     54     Quite
658     56     Quite
715     55     Quite
699     52     Quite
704     55     Quite
701     57     Quite
703     54     Quite
694     56     Quite
721     56     Quite
699     54     Quite
703     52     Quite
688     56     Quite
699     53     Quite
697     55     Quite
691     54     Quite
691     54     Quite
695     57     Quite
679     56     Quite
671     55     Quite
670     55     Quite
678     56     Quite
672     54     Quite
666     55     Quite
656     54     Quite
654     56     Quite
663     55     Quite
708     55     Quite
701     51     Quite
662     50     Quite
663     55     Quite
659     55     Quite
661     56     Quite
671     55     Quite
671     56     Quite
663     54     Quite
669     53     Quite
656     57     Quite
673     55     Quite
672     55     Quite
672     53     Quite
675     54     Quite
673     54     Quite
666     55     Quite
656     57     Quite
691     55     Quite
688     55     Quite
688     55     Quite
688     55     Quite
715     54     Quite
690     56     Quite
682     52     Quite
687     54     Quite
694     52     Quite
689     55     Quite
682     53     Quite
687     55     Quite
693     55     Quite
709     56     Quite
703     54     Quite
698     53     Quite
701     56     Quite
689     54     Quite
699     53     Quite
689     55     Quite
695     54     Quite
695     56     Quite
703     54     Quite
706     56     Quite
689     54     Quite
684     53     Quite
684     53     Quite
713     57     Quite
721     57     Quite
688     55     Quite
710     55     Quite
691     56     Quite
705     55     Quite
695     54     Quite
709     56     Quite
701     55     Quite
695     53     Quite
690     55     Quite
699     58     Quite
704     55     Quite
688     52     Quite
714     55     Quite
698     56     Quite
701     59     Quite
699     52     Quite
705     53     Quite
691     52     Quite
693     56     Quite
706     55     Quite
731     55     Quite
687     54     Quite
711     55     Quite
713     58     Quite
715     54     Quite
767     54     Quite
713     54     Quite
693     54     Quite
704     53     Quite
697     56     Quite
704     54     Quite
703     55     Quite
706     59     Quite
702     56     Quite
702     56     Quite
710     55     Quite
701     54     Quite
698     53     Quite
678     54     Quite
701     54     Quite
704     53     Quite
696     53     Quite
707     52     Quite
710     56     Quite
621     54     Quite
707     56     Quite
699     55     Quite
688     56     Quite
702     55     Quite
702     54     Quite
708     53     Quite
703     53     Quite
710     56     Quite
691     53     Quite
706     54     Quite
688     54     Quite
701     54     Quite
719     57     Quite
715     57     Quite
701     54     Quite
701     52     Quite
690     57     Quite
701     57     Quite
688     55     Quite
683     56     Quite
690     55     Quite
704     57     Quite
705     55     Quite
712     54     Quite
707     52     Quite
688     53     Quite
686     55     Quite
703     55     Quite
688     55     Quite
699     53     Quite
710     54     Quite
752     56     Quite
697     55     Quite
706     53     Quite
710     56     Quite
714     57     Quite
697     56     Quite
689     55     Quite
699     54     Quite
697     54     Quite
707     54     Quite
695     53     Quite
692     54     Quite
699     54     Quite
703     54     Quite
680     55     Quite
693     55     Quite
721     55     Quite
698     56     Quite
704     53     Quite
678     54     Quite
715     56     Quite
682     57     Quite
694     58     Quite
714     55     Quite
670     55     Quite
688     58     Quite
688     52     Quite
705     54     Quite
692     54     Quite
704     54     Quite
694     57     Quite
699     55     Quite
707     56     Quite
703     51     Quite
717     53     Quite
694     54     Quite
702     55     Quite
691     57     Quite
702     55     Quite
694     55     Quite
691     56     Quite
699     54     Quite
691     55     Quite
689     55     Quite
700     52     Quite
720     53     Quite
707     53     Quite
707     55     Quite
702     55     Quite
695     54     Quite
701     54     Quite
700     54     Quite
741     56     Quite
695     55     Quite
701     54     Quite
702     55     Quite
711     54     Quite
695     52     Quite
715     51     Quite
694     56     Quite
723     54     Quite
707     53     Quite
733     56     Quite
714     56     Quite
688     56     Quite
723     57     Quite
688     55     Quite
685     54     Quite
698     54     Quite
719     53     Quite
717     56     Quite
684     56     Quite
688     58     Quite
704     54     Quite
698     59     Quite
703     54     Quite
695     56     Quite
769     57     Quite
694     55     Quite
699     55     Quite
694     54     Quite
710     57     Quite
688     54     Quite
688     57     Quite
688     57     Quite
704     54     Quite
705     56     Quite
705     56     Quite
694     53     Quite
690     56     Quite
709     54     Quite
695     54     Quite
694     55     Quite
698     57     Quite
698     55     Quite
702     57     Quite
694     55     Quite
705     54     Quite
626     56     Quite
679     53     Quite
691     56     Quite
697     55     Quite
688     52     Quite
687     56     Quite
688     55     Quite
697     55     Quite
689     54     Quite
688     57     Quite
688     57     Quite
683     55     Quite
692     53     Quite
684     54     Quite
671     55     Quite
682     55     Quite
688     52     Quite
677     53     Quite
679     53     Quite
688     55     Quite
677     54     Quite
679     54     Quite
694     52     Quite
683     52     Quite
697     55     Quite
706     54     Quite
681     55     Quite
693     55     Quite
688     53     Quite
701     53     Quite
681     54     Quite
698     53     Quite
656     54     Quite
690     53     Quite
704     52     Quite
698     54     Quite
681     54     Quite
702     58     Quite
682     55     Quite
688     53     Quite
709     54     Quite
700     57     Quite
695     55     Quite
691     56     Quite
685     54     Quite
689     55     Quite
703     55     Quite
690     57     Quite
693     53     Quite
705     54     Quite
674     54     Quite
676     55     Quite
683     55     Quite
699     55     Quite
696     57     Quite
657     53     Quite
707     53     Quite
699     53     Quite
706     59     Quite
704     55     Quite
692     55     Quite
706     56     Quite
697     56     Quite
710     55     Quite
704     58     Quite
704     53     Quite
702     54     Quite
713     53     Quite
711     56     Quite
702     50     Quite
711     55     Quite
701     55     Quite
710     55     Quite
688     53     Quite
704     54     Quite
703     53     Quite
694     53     Quite
700     53     Quite
701     52     Quite
705     57     Quite
689     55     Quite
671     53     Quite
706     56     Quite
702     56     Quite
708     56     Quite
705     58     Quite
702     53     Quite
710     56     Quite
691     54     Quite
704     55     Quite
698     54     Quite
702     54     Quite
699     53     Quite
678     56     Quite
695     55     Quite
693     55     Quite
687     56     Quite
682     53     Quite
683     57     Quite
689     52     Quite
667     55     Quite
655     54     Quite
677     53     Quite
675     56     Quite
688     55     Quite
693     54     Quite
689     56     Quite
718     54     Quite
722     55     Quite
711     55     Quite
707     55     Quite
716     54     Quite
688     54     Quite
649     58     Quite
711     53     Quite
719     53     Quite
717     55     Quite
711     52     Quite
721     52     Quite
712     56     Quite
711     55     Quite
711     55     Quite
728     52     Quite
713     53     Quite
720     54     Quite
688     54     Quite
706     54     Quite
685     53     Quite
690     56     Quite
688     53     Quite
670     58     Quite
702     54     Quite
701     56     Quite
681     53     Quite
