Sensor_RAW dB 3_Stage_Level
723     56     Quite
720     55     Quite
735     55     Quite
727     51     Quite
733     55     Quite
704     53     Quite
709     54     Quite
704     55     Quite
720     53     Quite
709     55     Quite
737     54     Quite
729     57     Quite
727     54     Quite
725     52     Quite
719     56     Quite
726     54     Quite
741     55     Quite
745     53     Quite
749     52     Quite
753     54     Quite
738     54     Quite
756     53     Quite
752     55     Quite
753     55     Quite
756     54     Quite
755     55     Quite
762     52     Quite
757     55     Quite
749     56     Quite
745     55     Quite
746     55     Quite
727     55     Quite
735     55     Quite
745     57     Quite
742     55     Quite
738     58     Quite
739     54     Quite
736     54     Quite
737     53     Quite
722     56     Quite
736     55     Quite
743     56     Quite
743     56     Quite
745     55     Quite
735     56     Quite
744     53     Quite
741     56     Quite
731     54     Quite
736     56     Quite
731     57     Quite
735     55     Quite
747     53     Quite
757     53     Quite
765     56     Quite
757     54     Quite
746     56     Quite
745     53     Quite
745     54     Quite
727     55     Quite
722     56     Quite
723     52     Quite
735     54     Quite
737     54     Quite
733     53     Quite
734     56     Quite
730     54     Quite
738     54     Quite
727     57     Quite
735     54     Quite
740     53     Quite
737     56     Quite
736     57     Quite
742     54     Quite
738     55     Quite
736     55     Quite
736     55     Quite
738     53     Quite
737     57     Quite
762     56     Quite
735     54     Quite
741     56     Quite
733     55     Quite
737     55     Quite
738     55     Quite
738     54     Quite
731     54     Quite
742     51     Quite
742     55     Quite
734     54     Quite
734     57     Quite
739     53     Quite
742     54     Quite
741     53     Quite
734     51     Quite
738     55     Quite
752     56     Quite
746     53     Quite
743     55     Quite
735     56     Quite
749     56     Quite
741     56     Quite
720     53     Quite
737     57     Quite
714     57     Quite
736     57     Quite
738     54     Quite
739     52     Quite
738     55     Quite
742     54     Quite
721     54     Quite
747     53     Quite
737     54     Quite
739     56     Quite
740     55     Quite
741     55     Quite
735     56     Quite
743     55     Quite
739     53     Quite
737     56     Quite
743     55     Quite
752     55     Quite
742     54     Quite
737     56     Quite
740     57     Quite
741     55     Quite
733     55     Quite
770     56     Quite
735     53     Quite
737     54     Quite
746     54     Quite
748     54     Quite
735     55     Quite
742     55     Quite
748     56     Quite
752     57     Quite
752     55     Quite
747     55     Quite
742     54     Quite
738     55     Quite
735     53     Quite
746     55     Quite
743     55     Quite
738     54     Quite
743     55     Quite
740     53     Quite
745     57     Quite
739     54     Quite
738     55     Quite
743     55     Quite
734     57     Quite
726     56     Quite
720     55     Quite
719     56     Quite
720     55     Quite
665     55     Quite
725     54     Quite
726     56     Quite
731     55     Quite
738     55     Quite
742     54     Quite
737     54     Quite
737     56     Quite
741     55     Quite
742     54     Quite
737     55     Quite
739     56     Quite
736     55     Quite
780     57     Quite
745     53     Quite
743     56     Quite
747     53     Quite
745     53     Quite
740     55     Quite
743     55     Quite
733     52     Quite
742     55     Quite
735     55     Quite
742     56     Quite
742     54     Quite
746     54     Quite
751     55     Quite
739     55     Quite
748     54     Quite
748     54     Quite
747     57     Quite
731     55     Quite
744     53     Quite
747     53     Quite
753     52     Quite
758     55     Quite
753     54     Quite
752     54     Quite
752     57     Quite
743     55     Quite
757     55     Quite
749     55     Quite
747     56     Quite
747     56     Quite
743     54     Quite
750     52     Quite
729     53     Quite
779     54     Quite
752     56     Quite
737     57     Quite
740     52     Quite
741     54     Quite
726     53     Quite
731     55     Quite
713     53     Quite
725     53     Quite
723     56     Quite
729     56     Quite
737     54     Quite
737     56     Quite
736     55     Quite
731     56     Quite
731     53     Quite
737     53     Quite
735     53     Quite
720     56     Quite
741     52     Quite
731     55     Quite
731     56     Quite
742     54     Quite
732     55     Quite
733     53     Quite
733     54     Quite
736     53     Quite
731     55     Quite
735     54     Quite
739     54     Quite
735     53     Quite
736     57     Quite
743     54     Quite
737     56     Quite
734     56     Quite
733     54     Quite
739     55     Quite
739     55     Quite
747     56     Quite
737     53     Quite
742     55     Quite
743     56     Quite
741     54     Quite
739     53     Quite
735     56     Quite
738     54     Quite
739     55     Quite
738     55     Quite
731     54     Quite
736     55     Quite
726     53     Quite
736     55     Quite
735     56     Quite
738     56     Quite
736     54     Quite
731     56     Quite
727     55     Quite
708     51     Quite
725     55     Quite
720     54     Quite
720     55     Quite
736     54     Quite
725     53     Quite
726     54     Quite
722     54     Quite
726     56     Quite
721     58     Quite
726     56     Quite
723     56     Quite
725     52     Quite
721     53     Quite
720     54     Quite
720     55     Quite
720     56     Quite
720     56     Quite
723     53     Quite
725     54     Quite
725     53     Quite
726     54     Quite
727     55     Quite
731     56     Quite
727     54     Quite
731     50     Quite
731     54     Quite
730     55     Quite
731     53     Quite
734     55     Quite
731     54     Quite
743     54     Quite
741     56     Quite
733     55     Quite
733     54     Quite
727     57     Quite
709     56     Quite
708     55     Quite
715     54     Quite
708     55     Quite
715     57     Quite
722     55     Quite
710     56     Quite
711     56     Quite
720     57     Quite
719     56     Quite
714     53     Quite
719     55     Quite
715     54     Quite
784     54     Quite
711     54     Quite
704     52     Quite
704     55     Quite
724     54     Quite
720     55     Quite
720     54     Quite
723     55     Quite
720     55     Quite
720     50     Quite
725     54     Quite
720     54     Quite
721     54     Quite
721     55     Quite
720     52     Quite
715     53     Quite
713     56     Quite
719     53     Quite
709     57     Quite
721     55     Quite
713     56     Quite
719     53     Quite
739     56     Quite
716     54     Quite
722     55     Quite
718     55     Quite
720     54     Quite
720     55     Quite
715     55     Quite
730     53     Quite
720     54     Quite
719     54     Quite
721     56     Quite
718     53     Quite
715     52     Quite
717     55     Quite
719     53     Quite
719     55     Quite
717     52     Quite
720     54     Quite
721     56     Quite
720     56     Quite
720     55     Quite
723     54     Quite
719     55     Quite
723     54     Quite
730     55     Quite
720     54     Quite
720     52     Quite
702     54     Quite
708     58     Quite
720     55     Quite
720     55     Quite
720     55     Quite
719     51     Quite
719     56     Quite
720     56     Quite
742     52     Quite
720     56     Quite
720     54     Quite
711     53     Quite
718     53     Quite
720     54     Quite
719     57     Quite
720     55     Quite
723     53     Quite
731     56     Quite
724     56     Quite
725     53     Quite
721     55     Quite
721     52     Quite
730     56     Quite
722     57     Quite
722     54     Quite
743     53     Quite
720     52     Quite
731     56     Quite
727     55     Quite
730     56     Quite
720     52     Quite
722     55     Quite
723     55     Quite
723     54     Quite
721     53     Quite
730     58     Quite
730     55     Quite
726     54     Quite
721     55     Quite
720     53     Quite
727     56     Quite
734     56     Quite
725     55     Quite
730     55     Quite
727     54     Quite
731     56     Quite
734     53     Quite
731     54     Quite
733     56     Quite
724     53     Quite
723     56     Quite
722     54     Quite
727     51     Quite
736     56     Quite
735     57     Quite
736     54     Quite
741     51     Quite
731     53     Quite
739     55     Quite
734     57     Quite
731     54     Quite
733     54     Quite
738     55     Quite
720     55     Quite
657     55     Quite
735     57     Quite
716     55     Quite
734     55     Quite
731     52     Quite
729     56     Quite
730     55     Quite
722     55     Quite
721     55     Quite
727     56     Quite
721     54     Quite
719     53     Quite
735     52     Quite
720     56     Quite
749     53     Quite
693     55     Quite
686     54     Quite
722     53     Quite
689     57     Quite
655     53     Quite
688     53     Quite
707     53     Quite
750     52     Quite
755     54     Quite
805     57     Quite
975     55     Quite
784     53     Quite
779     54     Quite
