Sensor_RAW dB 3_Stage_Level
812     53     Quite
787     55     Quite
796     54     Quite
797     53     Quite
801     55     Quite
799     55     Quite
790     52     Quite
791     54     Quite
795     53     Quite
787     56     Quite
803     55     Quite
778     53     Quite
805     56     Quite
798     54     Quite
787     55     Quite
797     56     Quite
803     53     Quite
795     54     Quite
803     54     Quite
802     57     Quite
795     53     Quite
784     54     Quite
797     55     Quite
802     57     Quite
786     55     Quite
787     54     Quite
791     57     Quite
796     53     Quite
805     53     Quite
803     54     Quite
797     55     Quite
789     56     Quite
791     56     Quite
791     56     Quite
787     57     Quite
791     54     Quite
793     53     Quite
801     51     Quite
794     55     Quite
797     54     Quite
787     56     Quite
797     57     Quite
801     55     Quite
802     55     Quite
798     54     Quite
797     56     Quite
796     53     Quite
807     52     Quite
798     53     Quite
797     57     Quite
800     55     Quite
791     54     Quite
797     54     Quite
797     54     Quite
798     55     Quite
798     53     Quite
798     54     Quite
793     55     Quite
795     55     Quite
794     53     Quite
795     54     Quite
787     54     Quite
798     57     Quite
790     56     Quite
818     53     Quite
795     53     Quite
798     56     Quite
800     56     Quite
793     56     Quite
798     54     Quite
795     56     Quite
793     57     Quite
788     55     Quite
802     52     Quite
802     55     Quite
800     53     Quite
799     54     Quite
786     54     Quite
802     54     Quite
804     55     Quite
801     53     Quite
809     54     Quite
797     53     Quite
785     53     Quite
801     57     Quite
787     54     Quite
797     54     Quite
797     56     Quite
793     55     Quite
785     56     Quite
789     54     Quite
795     56     Quite
790     55     Quite
794     55     Quite
801     56     Quite
783     53     Quite
794     53     Quite
795     56     Quite
795     56     Quite
795     53     Quite
791     56     Quite
788     56     Quite
797     53     Quite
789     53     Quite
802     56     Quite
795     54     Quite
786     55     Quite
780     55     Quite
801     54     Quite
795     56     Quite
791     53     Quite
798     57     Quite
849     54     Quite
793     57     Quite
798     55     Quite
790     54     Quite
789     52     Quite
790     54     Quite
793     55     Quite
800     56     Quite
802     56     Quite
796     55     Quite
800     55     Quite
783     54     Quite
797     55     Quite
813     54     Quite
816     56     Quite
798     56     Quite
789     55     Quite
798     54     Quite
800     55     Quite
802     55     Quite
802     56     Quite
803     54     Quite
787     55     Quite
799     56     Quite
787     54     Quite
806     54     Quite
802     53     Quite
804     56     Quite
802     56     Quite
802     57     Quite
784     55     Quite
807     55     Quite
797     55     Quite
798     55     Quite
797     57     Quite
800     54     Quite
798     54     Quite
791     56     Quite
798     56     Quite
801     54     Quite
805     56     Quite
792     54     Quite
851     54     Quite
801     54     Quite
806     55     Quite
787     54     Quite
815     55     Quite
803     55     Quite
814     56     Quite
791     55     Quite
793     54     Quite
793     52     Quite
801     56     Quite
795     57     Quite
800     53     Quite
797     55     Quite
799     53     Quite
791     53     Quite
795     52     Quite
801     54     Quite
791     57     Quite
801     54     Quite
804     56     Quite
807     55     Quite
796     54     Quite
798     54     Quite
803     54     Quite
793     54     Quite
802     55     Quite
787     54     Quite
810     52     Quite
795     56     Quite
785     54     Quite
801     54     Quite
799     56     Quite
810     53     Quite
797     53     Quite
786     55     Quite
806     57     Quite
786     57     Quite
775     53     Quite
809     58     Quite
801     61     Moderate
813     56     Quite
886     54     Quite
796     55     Quite
797     52     Quite
791     57     Quite
813     54     Quite
792     53     Quite
791     71     Moderate
793     56     Quite
800     54     Quite
794     56     Quite
800     56     Quite
800     55     Quite
793     54     Quite
805     54     Quite
803     57     Quite
800     54     Quite
801     55     Quite
811     54     Quite
791     55     Quite
800     57     Quite
784     55     Quite
794     53     Quite
808     56     Quite
810     56     Quite
804     55     Quite
765     53     Quite
881     55     Quite
793     55     Quite
799     52     Quite
790     56     Quite
804     54     Quite
793     53     Quite
789     56     Quite
787     55     Quite
801     54     Quite
801     56     Quite
795     53     Quite
788     54     Quite
801     54     Quite
801     55     Quite
785     56     Quite
790     55     Quite
794     53     Quite
800     56     Quite
798     55     Quite
800     55     Quite
800     56     Quite
802     54     Quite
796     55     Quite
796     56     Quite
794     54     Quite
802     55     Quite
801     53     Quite
806     56     Quite
796     55     Quite
799     54     Quite
797     51     Quite
802     53     Quite
806     54     Quite
800     54     Quite
812     53     Quite
816     53     Quite
801     54     Quite
804     52     Quite
791     53     Quite
816     55     Quite
795     55     Quite
798     52     Quite
789     54     Quite
791     52     Quite
788     52     Quite
690     56     Quite
785     56     Quite
789     53     Quite
807     55     Quite
813     54     Quite
797     55     Quite
785     55     Quite
786     55     Quite
794     54     Quite
802     56     Quite
793     54     Quite
800     55     Quite
797     55     Quite
802     54     Quite
807     55     Quite
790     54     Quite
799     56     Quite
802     54     Quite
817     54     Quite
793     55     Quite
809     50     Quite
800     54     Quite
800     56     Quite
797     53     Quite
797     52     Quite
795     55     Quite
803     56     Quite
806     55     Quite
798     54     Quite
800     54     Quite
812     55     Quite
802     57     Quite
786     56     Quite
809     56     Quite
795     56     Quite
807     54     Quite
793     56     Quite
805     54     Quite
793     52     Quite
797     57     Quite
795     57     Quite
807     55     Quite
804     54     Quite
799     55     Quite
806     54     Quite
779     53     Quite
795     55     Quite
801     55     Quite
800     55     Quite
796     55     Quite
798     53     Quite
784     55     Quite
732     58     Quite
789     52     Quite
804     53     Quite
781     55     Quite
816     54     Quite
812     55     Quite
798     55     Quite
799     56     Quite
787     55     Quite
801     54     Quite
800     53     Quite
793     57     Quite
816     56     Quite
790     52     Quite
803     56     Quite
817     54     Quite
791     54     Quite
795     56     Quite
799     56     Quite
805     55     Quite
798     53     Quite
803     52     Quite
800     54     Quite
800     54     Quite
799     57     Quite
717     56     Quite
803     57     Quite
794     56     Quite
806     56     Quite
790     53     Quite
806     53     Quite
802     55     Quite
815     54     Quite
801     56     Quite
798     54     Quite
794     52     Quite
797     55     Quite
789     57     Quite
786     53     Quite
789     57     Quite
806     56     Quite
796     55     Quite
798     53     Quite
801     55     Quite
801     56     Quite
789     56     Quite
789     54     Quite
803     54     Quite
811     55     Quite
800     56     Quite
789     53     Quite
789     54     Quite
801     55     Quite
803     53     Quite
803     58     Quite
797     54     Quite
803     55     Quite
790     57     Quite
789     53     Quite
784     55     Quite
801     52     Quite
800     57     Quite
797     53     Quite
807     53     Quite
800     57     Quite
786     57     Quite
790     55     Quite
799     51     Quite
799     58     Quite
795     53     Quite
794     55     Quite
795     54     Quite
801     54     Quite
795     55     Quite
807     55     Quite
799     55     Quite
809     56     Quite
797     56     Quite
802     53     Quite
799     55     Quite
803     56     Quite
806     57     Quite
799     52     Quite
793     52     Quite
800     55     Quite
801     55     Quite
791     54     Quite
800     54     Quite
801     56     Quite
801     56     Quite
791     55     Quite
797     57     Quite
793     54     Quite
794     54     Quite
798     55     Quite
774     57     Quite
800     53     Quite
802     55     Quite
796     55     Quite
797     52     Quite
813     54     Quite
799     56     Quite
790     55     Quite
825     56     Quite
787     56     Quite
791     53     Quite
798     57     Quite
878     54     Quite
802     55     Quite
807     52     Quite
791     54     Quite
788     55     Quite
808     53     Quite
797     56     Quite
786     56     Quite
789     53     Quite
797     53     Quite
807     55     Quite
791     52     Quite
802     56     Quite
813     56     Quite
801     55     Quite
803     56     Quite
798     57     Quite
873     55     Quite
795     54     Quite
794     52     Quite
800     54     Quite
799     53     Quite
801     53     Quite
795     55     Quite
802     55     Quite
798     54     Quite
816     56     Quite
784     55     Quite
814     54     Quite
797     52     Quite
816     56     Quite
800     54     Quite
791     57     Quite
802     54     Quite
819     52     Quite
800     54     Quite
790     53     Quite
798     58     Quite
801     53     Quite
801     55     Quite
799     55     Quite
799     54     Quite
799     55     Quite
810     55     Quite
793     55     Quite
797     55     Quite
797     53     Quite
797     54     Quite
804     56     Quite
814     55     Quite
791     53     Quite
800     53     Quite
837     55     Quite
736     54     Quite
803     57     Quite
800     53     Quite
798     55     Quite
787     53     Quite
798     57     Quite
807     55     Quite
790     57     Quite
789     52     Quite
803     54     Quite
788     54     Quite
802     56     Quite
789     56     Quite
811     54     Quite
791     54     Quite
809     57     Quite
795     57     Quite
787     57     Quite
798     55     Quite
802     54     Quite
810     54     Quite
802     54     Quite
801     56     Quite
798     56     Quite
802     56     Quite
810     54     Quite
795     57     Quite
794     55     Quite
797     55     Quite
793     54     Quite
816     56     Quite
803     54     Quite
801     57     Quite
795     53     Quite
803     57     Quite
803     54     Quite
806     56     Quite
798     56     Quite
807     53     Quite
791     56     Quite
787     55     Quite
804     57     Quite
809     56     Quite
798     53     Quite
803     51     Quite
798     53     Quite
799     53     Quite
794     55     Quite
790     54     Quite
802     54     Quite
791     55     Quite
809     55     Quite
791     53     Quite
804     52     Quite
810     52     Quite
801     54     Quite
799     56     Quite
803     55     Quite
795     57     Quite
787     55     Quite
802     55     Quite
799     56     Quite
795     54     Quite
803     55     Quite
801     54     Quite
803     57     Quite
798     55     Quite
801     57     Quite
807     55     Quite
784     57     Quite
795     54     Quite
806     55     Quite
796     55     Quite
798     55     Quite
794     53     Quite
815     55     Quite
800     54     Quite
803     55     Quite
790     56     Quite
786     53     Quite
863     53     Quite
791     56     Quite
789     53     Quite
803     56     Quite
816     57     Quite
789     55     Quite
799     55     Quite
799     55     Quite
805     55     Quite
803     56     Quite
795     56     Quite
795     56     Quite
806     56     Quite
802     57     Quite
798     56     Quite
795     56     Quite
804     55     Quite
783     55     Quite
780     52     Quite
788     54     Quite
807     54     Quite
797     56     Quite
804     52     Quite
837     53     Quite
790     54     Quite
783     56     Quite
809     55     Quite
796     54     Quite
816     52     Quite
806     54     Quite
799     55     Quite
803     54     Quite
799     53     Quite
793     54     Quite
799     55     Quite
797     55     Quite
797     55     Quite
802     53     Quite
790     56     Quite
784     53     Quite
789     55     Quite
801     53     Quite
810     55     Quite
795     54     Quite
802     53     Quite
800     55     Quite
807     56     Quite
801     53     Quite
788     55     Quite
799     56     Quite
790     54     Quite
791     52     Quite
802     56     Quite
800     54     Quite
832     55     Quite
785     55     Quite
801     52     Quite
798     54     Quite
795     53     Quite
795     54     Quite
801     58     Quite
803     51     Quite
797     53     Quite
801     54     Quite
799     55     Quite
793     54     Quite
800     54     Quite
799     53     Quite
797     56     Quite
800     55     Quite
798     54     Quite
791     55     Quite
800     56     Quite
792     55     Quite
796     53     Quite
793     55     Quite
803     52     Quite
802     54     Quite
800     56     Quite
794     55     Quite
789     57     Quite
795     56     Quite
803     56     Quite
799     55     Quite
795     54     Quite
806     55     Quite
791     54     Quite
778     56     Quite
819     54     Quite
790     56     Quite
803     54     Quite
791     53     Quite
793     53     Quite
790     52     Quite
797     53     Quite
798     54     Quite
796     54     Quite
800     55     Quite
799     56     Quite
789     55     Quite
800     52     Quite
791     56     Quite
798     55     Quite
788     55     Quite
805     53     Quite
801     56     Quite
805     54     Quite
800     54     Quite
798     53     Quite
785     57     Quite
806     56     Quite
794     55     Quite
787     56     Quite
794     54     Quite
800     55     Quite
798     56     Quite
816     56     Quite
803     54     Quite
803     55     Quite
803     58     Quite
782     55     Quite
809     56     Quite
802     56     Quite
806     58     Quite
797     55     Quite
870     56     Quite
797     53     Quite
809     56     Quite
801     55     Quite
809     55     Quite
793     55     Quite
802     55     Quite
801     53     Quite
800     55     Quite
798     53     Quite
791     52     Quite
805     56     Quite
798     52     Quite
797     54     Quite
816     54     Quite
809     53     Quite
807     56     Quite
807     55     Quite
805     56     Quite
806     52     Quite
806     55     Quite
823     56     Quite
811     55     Quite
799     56     Quite
802     53     Quite
796     55     Quite
794     55     Quite
806     55     Quite
800     54     Quite
805     54     Quite
787     57     Quite
785     57     Quite
805     55     Quite
886     56     Quite
795     54     Quite
800     56     Quite
797     56     Quite
798     55     Quite
802     52     Quite
806     53     Quite
795     55     Quite
811     55     Quite
786     54     Quite
799     53     Quite
