Sensor_RAW dB 3_Stage_Level
764     55     Quite
740     53     Quite
779     55     Quite
784     59     Quite
740     57     Quite
724     55     Quite
787     57     Quite
803     55     Quite
789     55     Quite
797     54     Quite
721     54     Quite
748     55     Quite
753     53     Quite
753     55     Quite
763     54     Quite
773     56     Quite
765     56     Quite
738     56     Quite
727     57     Quite
743     57     Quite
749     53     Quite
752     56     Quite
768     57     Quite
743     52     Quite
752     57     Quite
753     57     Quite
759     56     Quite
730     56     Quite
741     55     Quite
751     56     Quite
777     56     Quite
759     58     Quite
778     56     Quite
803     54     Quite
721     54     Quite
786     56     Quite
762     58     Quite
773     56     Quite
743     53     Quite
781     55     Quite
743     58     Quite
740     55     Quite
784     55     Quite
745     56     Quite
735     56     Quite
759     55     Quite
731     56     Quite
799     55     Quite
780     53     Quite
767     55     Quite
752     55     Quite
737     56     Quite
754     56     Quite
757     57     Quite
769     56     Quite
761     56     Quite
750     57     Quite
740     56     Quite
749     56     Quite
779     57     Quite
737     56     Quite
768     56     Quite
752     53     Quite
741     57     Quite
784     53     Quite
789     59     Quite
770     57     Quite
757     56     Quite
777     56     Quite
781     54     Quite
829     57     Quite
850     53     Quite
778     55     Quite
736     55     Quite
756     57     Quite
746     58     Quite
777     57     Quite
741     54     Quite
778     57     Quite
746     55     Quite
781     55     Quite
742     56     Quite
675     56     Quite
752     59     Quite
735     55     Quite
746     57     Quite
752     56     Quite
734     55     Quite
761     54     Quite
768     55     Quite
772     58     Quite
777     54     Quite
752     57     Quite
731     57     Quite
781     54     Quite
739     55     Quite
779     56     Quite
737     58     Quite
751     57     Quite
775     56     Quite
784     55     Quite
739     54     Quite
779     52     Quite
742     53     Quite
743     55     Quite
777     56     Quite
761     55     Quite
777     56     Quite
787     58     Quite
755     54     Quite
777     55     Quite
762     57     Quite
773     57     Quite
777     57     Quite
781     51     Quite
727     54     Quite
773     56     Quite
761     52     Quite
779     55     Quite
781     57     Quite
776     57     Quite
781     54     Quite
765     58     Quite
774     57     Quite
771     55     Quite
747     58     Quite
766     57     Quite
745     57     Quite
769     54     Quite
701     55     Quite
747     55     Quite
738     58     Quite
785     56     Quite
753     57     Quite
768     56     Quite
746     55     Quite
777     54     Quite
778     56     Quite
741     52     Quite
740     58     Quite
741     56     Quite
781     57     Quite
778     56     Quite
782     55     Quite
790     55     Quite
791     57     Quite
740     55     Quite
785     55     Quite
761     57     Quite
742     55     Quite
768     55     Quite
730     57     Quite
733     54     Quite
747     57     Quite
752     53     Quite
772     57     Quite
772     57     Quite
751     56     Quite
770     57     Quite
769     57     Quite
765     58     Quite
779     55     Quite
760     53     Quite
759     57     Quite
798     55     Quite
773     57     Quite
771     59     Quite
785     51     Quite
765     55     Quite
770     57     Quite
777     58     Quite
743     54     Quite
753     57     Quite
779     57     Quite
755     53     Quite
784     57     Quite
784     56     Quite
736     54     Quite
780     58     Quite
758     57     Quite
779     56     Quite
779     55     Quite
734     55     Quite
790     55     Quite
752     57     Quite
747     58     Quite
729     59     Quite
788     54     Quite
734     56     Quite
763     53     Quite
751     57     Quite
751     56     Quite
754     54     Quite
743     56     Quite
784     56     Quite
757     56     Quite
742     58     Quite
752     53     Quite
759     53     Quite
773     55     Quite
762     58     Quite
789     54     Quite
773     56     Quite
787     56     Quite
784     55     Quite
784     53     Quite
726     55     Quite
768     57     Quite
765     59     Quite
730     52     Quite
784     57     Quite
731     57     Quite
768     58     Quite
746     55     Quite
734     57     Quite
779     52     Quite
774     57     Quite
757     55     Quite
801     58     Quite
784     58     Quite
775     55     Quite
749     52     Quite
752     57     Quite
765     58     Quite
749     56     Quite
750     57     Quite
740     57     Quite
759     53     Quite
734     54     Quite
784     56     Quite
764     55     Quite
789     57     Quite
752     55     Quite
739     59     Quite
768     55     Quite
783     55     Quite
754     57     Quite
757     57     Quite
737     57     Quite
753     55     Quite
763     57     Quite
736     57     Quite
733     56     Quite
782     58     Quite
784     57     Quite
784     55     Quite
772     56     Quite
758     54     Quite
733     53     Quite
779     56     Quite
781     59     Quite
774     53     Quite
769     56     Quite
714     59     Quite
720     57     Quite
739     56     Quite
801     59     Quite
781     54     Quite
751     56     Quite
784     57     Quite
776     55     Quite
762     56     Quite
762     57     Quite
787     57     Quite
752     56     Quite
751     55     Quite
750     55     Quite
768     55     Quite
727     58     Quite
726     56     Quite
747     54     Quite
784     56     Quite
800     54     Quite
775     57     Quite
719     57     Quite
754     56     Quite
748     57     Quite
798     59     Quite
784     52     Quite
750     56     Quite
720     59     Quite
725     55     Quite
777     59     Quite
746     55     Quite
779     57     Quite
779     57     Quite
739     57     Quite
731     56     Quite
752     56     Quite
756     56     Quite
770     54     Quite
777     56     Quite
789     54     Quite
768     55     Quite
722     58     Quite
752     55     Quite
701     59     Quite
789     58     Quite
738     55     Quite
758     55     Quite
752     57     Quite
727     56     Quite
768     58     Quite
759     59     Quite
794     55     Quite
741     57     Quite
752     55     Quite
789     54     Quite
784     57     Quite
724     56     Quite
765     59     Quite
794     55     Quite
766     58     Quite
778     58     Quite
711     55     Quite
779     57     Quite
759     52     Quite
793     57     Quite
769     57     Quite
733     58     Quite
734     56     Quite
814     55     Quite
749     54     Quite
787     56     Quite
795     57     Quite
743     56     Quite
799     57     Quite
781     54     Quite
766     55     Quite
681     57     Quite
755     53     Quite
759     55     Quite
743     58     Quite
730     57     Quite
784     57     Quite
861     58     Quite
754     56     Quite
775     54     Quite
742     54     Quite
736     57     Quite
784     56     Quite
787     52     Quite
742     56     Quite
741     54     Quite
783     55     Quite
783     56     Quite
779     57     Quite
755     54     Quite
778     53     Quite
742     57     Quite
752     58     Quite
736     56     Quite
779     55     Quite
743     56     Quite
713     58     Quite
734     56     Quite
771     57     Quite
768     55     Quite
782     54     Quite
744     54     Quite
798     60     Quite
734     56     Quite
785     54     Quite
751     58     Quite
790     55     Quite
785     56     Quite
757     57     Quite
721     54     Quite
786     55     Quite
746     56     Quite
762     57     Quite
759     57     Quite
785     56     Quite
733     57     Quite
800     54     Quite
739     57     Quite
785     57     Quite
758     56     Quite
784     55     Quite
731     56     Quite
730     52     Quite
782     55     Quite
776     56     Quite
787     54     Quite
777     55     Quite
748     57     Quite
753     56     Quite
790     56     Quite
766     55     Quite
720     58     Quite
782     58     Quite
785     58     Quite
755     53     Quite
777     56     Quite
769     58     Quite
784     53     Quite
804     56     Quite
734     57     Quite
791     54     Quite
779     56     Quite
777     52     Quite
779     56     Quite
731     53     Quite
784     56     Quite
723     55     Quite
830     56     Quite
723     56     Quite
738     54     Quite
717     57     Quite
781     57     Quite
785     55     Quite
795     55     Quite
765     56     Quite
720     54     Quite
778     58     Quite
750     56     Quite
787     57     Quite
784     57     Quite
731     53     Quite
749     55     Quite
751     54     Quite
736     54     Quite
720     55     Quite
799     54     Quite
752     58     Quite
752     58     Quite
799     54     Quite
778     55     Quite
734     56     Quite
774     59     Quite
750     57     Quite
749     53     Quite
723     57     Quite
715     58     Quite
815     57     Quite
747     53     Quite
741     56     Quite
738     56     Quite
741     56     Quite
772     56     Quite
731     55     Quite
777     57     Quite
768     56     Quite
753     57     Quite
752     58     Quite
839     57     Quite
801     57     Quite
748     58     Quite
758     57     Quite
788     57     Quite
795     55     Quite
736     56     Quite
720     56     Quite
777     54     Quite
770     55     Quite
725     57     Quite
784     55     Quite
766     54     Quite
751     57     Quite
791     57     Quite
764     57     Quite
733     54     Quite
782     55     Quite
768     57     Quite
770     58     Quite
725     54     Quite
801     56     Quite
773     57     Quite
743     59     Quite
738     58     Quite
753     56     Quite
752     53     Quite
789     57     Quite
732     58     Quite
761     55     Quite
777     56     Quite
782     59     Quite
784     56     Quite
768     58     Quite
828     55     Quite
752     55     Quite
729     57     Quite
787     54     Quite
753     54     Quite
759     57     Quite
754     55     Quite
803     56     Quite
784     55     Quite
739     58     Quite
875     53     Quite
786     57     Quite
739     57     Quite
729     57     Quite
722     58     Quite
747     57     Quite
769     56     Quite
784     51     Quite
737     55     Quite
773     55     Quite
738     54     Quite
767     58     Quite
737     54     Quite
773     57     Quite
752     56     Quite
751     56     Quite
753     57     Quite
761     56     Quite
734     53     Quite
751     58     Quite
763     55     Quite
736     57     Quite
723     56     Quite
801     55     Quite
755     60     Quite
770     58     Quite
783     55     Quite
758     55     Quite
755     54     Quite
742     55     Quite
752     56     Quite
736     57     Quite
773     56     Quite
784     56     Quite
742     55     Quite
791     57     Quite
736     56     Quite
723     58     Quite
761     56     Quite
786     53     Quite
740     54     Quite
739     54     Quite
727     54     Quite
759     55     Quite
720     55     Quite
732     55     Quite
752     57     Quite
740     58     Quite
764     56     Quite
778     57     Quite
741     56     Quite
755     55     Quite
774     57     Quite
736     59     Quite
752     57     Quite
771     53     Quite
799     57     Quite
790     58     Quite
741     56     Quite
733     55     Quite
729     57     Quite
746     56     Quite
766     54     Quite
769     54     Quite
775     58     Quite
743     56     Quite
788     58     Quite
743     55     Quite
706     55     Quite
775     55     Quite
787     57     Quite
737     55     Quite
775     57     Quite
727     56     Quite
758     59     Quite
768     56     Quite
759     57     Quite
784     55     Quite
761     55     Quite
777     56     Quite
729     57     Quite
753     55     Quite
739     56     Quite
752     57     Quite
779     56     Quite
752     55     Quite
786     57     Quite
752     54     Quite
771     57     Quite
730     54     Quite
803     54     Quite
727     58     Quite
745     53     Quite
756     56     Quite
779     54     Quite
750     56     Quite
784     53     Quite
753     54     Quite
735     58     Quite
748     54     Quite
726     55     Quite
759     55     Quite
752     53     Quite
757     55     Quite
761     57     Quite
751     52     Quite
723     60     Quite
753     59     Quite
752     56     Quite
782     57     Quite
812     57     Quite
757     55     Quite
788     55     Quite
752     58     Quite
722     59     Quite
669     58     Quite
766     58     Quite
787     57     Quite
753     57     Quite
755     57     Quite
758     58     Quite
737     55     Quite
753     56     Quite
736     57     Quite
722     60     Quite
783     58     Quite
751     56     Quite
741     56     Quite
752     57     Quite
784     56     Quite
770     56     Quite
740     54     Quite
752     55     Quite
738     57     Quite
721     56     Quite
737     54     Quite
734     57     Quite
731     56     Quite
752     53     Quite
779     57     Quite
753     55     Quite
739     57     Quite
717     54     Quite
715     57     Quite
766     58     Quite
742     55     Quite
763     54     Quite
763     56     Quite
767     55     Quite
720     54     Quite
748     55     Quite
718     58     Quite
747     57     Quite
809     56     Quite
751     54     Quite
757     55     Quite
771     55     Quite
768     55     Quite
765     56     Quite
739     58     Quite
739     54     Quite
737     53     Quite
752     56     Quite
757     54     Quite
768     54     Quite
752     55     Quite
774     55     Quite
731     60     Quite
742     56     Quite
