Sensor_RAW dB 3_Stage_Level
731     59     Quite
738     56     Quite
743     56     Quite
752     54     Quite
779     53     Quite
755     54     Quite
763     53     Quite
750     54     Quite
737     55     Quite
783     52     Quite
752     52     Quite
747     55     Quite
755     53     Quite
742     52     Quite
751     57     Quite
746     52     Quite
741     56     Quite
745     56     Quite
741     51     Quite
748     51     Quite
739     54     Quite
755     56     Quite
749     56     Quite
749     57     Quite
738     56     Quite
735     54     Quite
752     54     Quite
747     56     Quite
753     55     Quite
747     56     Quite
725     53     Quite
752     55     Quite
739     55     Quite
752     56     Quite
751     54     Quite
752     53     Quite
754     54     Quite
752     57     Quite
738     56     Quite
743     56     Quite
762     54     Quite
744     56     Quite
753     55     Quite
752     55     Quite
752     55     Quite
762     55     Quite
770     55     Quite
758     55     Quite
769     53     Quite
769     55     Quite
764     53     Quite
752     56     Quite
757     56     Quite
758     55     Quite
758     54     Quite
754     57     Quite
765     53     Quite
753     53     Quite
765     54     Quite
759     53     Quite
762     55     Quite
753     53     Quite
767     54     Quite
753     56     Quite
757     54     Quite
761     54     Quite
763     55     Quite
767     53     Quite
758     53     Quite
757     54     Quite
759     55     Quite
763     54     Quite
837     54     Quite
762     52     Quite
751     54     Quite
775     54     Quite
750     53     Quite
761     56     Quite
765     52     Quite
756     56     Quite
752     52     Quite
763     54     Quite
752     53     Quite
757     54     Quite
752     54     Quite
784     54     Quite
752     55     Quite
762     52     Quite
756     55     Quite
741     52     Quite
748     56     Quite
752     54     Quite
750     55     Quite
737     53     Quite
773     53     Quite
738     57     Quite
752     56     Quite
766     55     Quite
758     55     Quite
752     55     Quite
740     52     Quite
733     52     Quite
754     54     Quite
752     55     Quite
743     55     Quite
749     53     Quite
769     56     Quite
743     55     Quite
745     54     Quite
748     55     Quite
736     56     Quite
752     53     Quite
749     53     Quite
743     57     Quite
770     54     Quite
746     53     Quite
741     52     Quite
752     54     Quite
743     55     Quite
752     54     Quite
738     54     Quite
741     56     Quite
739     57     Quite
747     55     Quite
740     55     Quite
758     53     Quite
745     52     Quite
747     55     Quite
739     54     Quite
743     51     Quite
743     57     Quite
751     53     Quite
730     53     Quite
737     53     Quite
742     55     Quite
733     55     Quite
768     54     Quite
747     53     Quite
743     56     Quite
733     55     Quite
739     55     Quite
746     55     Quite
741     57     Quite
742     52     Quite
740     54     Quite
749     54     Quite
746     55     Quite
737     54     Quite
734     52     Quite
762     54     Quite
741     52     Quite
740     53     Quite
758     55     Quite
739     55     Quite
736     55     Quite
747     56     Quite
747     57     Quite
738     54     Quite
746     53     Quite
742     57     Quite
737     53     Quite
734     53     Quite
741     55     Quite
741     50     Quite
749     55     Quite
749     55     Quite
745     55     Quite
746     56     Quite
702     57     Quite
751     53     Quite
741     58     Quite
747     55     Quite
741     56     Quite
749     54     Quite
739     52     Quite
773     53     Quite
752     54     Quite
745     55     Quite
736     54     Quite
755     54     Quite
747     54     Quite
759     53     Quite
752     52     Quite
746     54     Quite
742     55     Quite
750     56     Quite
752     54     Quite
749     56     Quite
739     54     Quite
739     55     Quite
748     55     Quite
749     53     Quite
757     54     Quite
736     55     Quite
783     52     Quite
749     55     Quite
739     53     Quite
741     52     Quite
751     56     Quite
740     54     Quite
739     54     Quite
743     54     Quite
752     53     Quite
752     57     Quite
749     58     Quite
746     51     Quite
751     54     Quite
752     53     Quite
752     54     Quite
752     55     Quite
750     55     Quite
743     53     Quite
746     55     Quite
747     53     Quite
748     56     Quite
749     54     Quite
742     54     Quite
753     54     Quite
746     55     Quite
746     55     Quite
739     56     Quite
749     55     Quite
752     54     Quite
747     55     Quite
756     55     Quite
739     54     Quite
743     53     Quite
751     56     Quite
744     55     Quite
743     54     Quite
721     54     Quite
749     54     Quite
752     54     Quite
750     55     Quite
746     53     Quite
751     54     Quite
746     54     Quite
752     55     Quite
747     54     Quite
739     55     Quite
752     54     Quite
749     52     Quite
746     56     Quite
747     53     Quite
743     55     Quite
739     54     Quite
753     55     Quite
749     56     Quite
738     56     Quite
752     50     Quite
749     55     Quite
742     56     Quite
750     56     Quite
743     57     Quite
750     54     Quite
751     55     Quite
749     56     Quite
743     54     Quite
805     55     Quite
752     54     Quite
746     55     Quite
740     53     Quite
749     54     Quite
755     54     Quite
747     54     Quite
745     56     Quite
753     54     Quite
746     56     Quite
747     54     Quite
747     55     Quite
739     55     Quite
753     55     Quite
747     54     Quite
747     56     Quite
753     53     Quite
746     53     Quite
753     53     Quite
747     55     Quite
745     55     Quite
750     53     Quite
747     53     Quite
750     56     Quite
747     55     Quite
740     55     Quite
745     55     Quite
747     55     Quite
746     53     Quite
739     56     Quite
752     53     Quite
748     55     Quite
752     51     Quite
743     55     Quite
747     55     Quite
752     56     Quite
752     53     Quite
698     55     Quite
741     54     Quite
750     55     Quite
747     54     Quite
749     55     Quite
742     56     Quite
747     51     Quite
746     51     Quite
738     57     Quite
758     53     Quite
740     54     Quite
731     51     Quite
738     53     Quite
755     53     Quite
755     56     Quite
739     55     Quite
735     53     Quite
752     55     Quite
749     52     Quite
741     54     Quite
723     52     Quite
750     56     Quite
738     55     Quite
752     52     Quite
742     51     Quite
731     56     Quite
755     52     Quite
761     54     Quite
735     52     Quite
738     53     Quite
745     56     Quite
783     56     Quite
747     53     Quite
763     55     Quite
759     55     Quite
752     55     Quite
705     52     Quite
741     54     Quite
740     55     Quite
751     55     Quite
739     53     Quite
752     54     Quite
742     55     Quite
750     54     Quite
755     52     Quite
745     55     Quite
750     55     Quite
754     56     Quite
739     55     Quite
746     52     Quite
760     55     Quite
742     55     Quite
746     52     Quite
752     54     Quite
755     57     Quite
762     54     Quite
743     52     Quite
747     55     Quite
738     53     Quite
752     55     Quite
736     57     Quite
734     54     Quite
752     54     Quite
745     54     Quite
751     51     Quite
749     56     Quite
741     54     Quite
736     52     Quite
749     54     Quite
742     56     Quite
749     54     Quite
752     55     Quite
753     55     Quite
752     53     Quite
746     56     Quite
751     53     Quite
743     56     Quite
736     53     Quite
752     56     Quite
741     53     Quite
752     53     Quite
741     56     Quite
732     53     Quite
746     56     Quite
752     55     Quite
751     55     Quite
751     53     Quite
749     56     Quite
752     55     Quite
744     56     Quite
752     55     Quite
740     58     Quite
738     56     Quite
744     55     Quite
735     55     Quite
737     54     Quite
736     56     Quite
715     56     Quite
725     54     Quite
720     54     Quite
720     54     Quite
719     54     Quite
720     56     Quite
726     53     Quite
