Sensor_RAW dB 3_Stage_Level
748     53     Quite
743     56     Quite
774     55     Quite
762     55     Quite
762     50     Quite
762     55     Quite
758     54     Quite
766     55     Quite
769     55     Quite
753     54     Quite
759     55     Quite
752     54     Quite
777     54     Quite
766     55     Quite
783     54     Quite
770     52     Quite
750     53     Quite
781     55     Quite
765     56     Quite
766     57     Quite
753     55     Quite
772     55     Quite
773     55     Quite
763     54     Quite
753     56     Quite
782     54     Quite
752     55     Quite
743     53     Quite
755     55     Quite
765     54     Quite
752     54     Quite
771     55     Quite
775     53     Quite
762     52     Quite
770     52     Quite
777     55     Quite
782     55     Quite
754     54     Quite
768     54     Quite
756     56     Quite
765     56     Quite
767     52     Quite
774     54     Quite
749     55     Quite
778     53     Quite
757     53     Quite
766     51     Quite
765     55     Quite
756     53     Quite
752     55     Quite
752     56     Quite
784     54     Quite
776     53     Quite
753     55     Quite
765     51     Quite
781     55     Quite
757     52     Quite
749     56     Quite
747     54     Quite
738     54     Quite
745     52     Quite
755     56     Quite
769     56     Quite
758     53     Quite
784     52     Quite
752     51     Quite
785     56     Quite
772     53     Quite
751     54     Quite
759     53     Quite
752     53     Quite
755     53     Quite
768     56     Quite
760     53     Quite
781     56     Quite
758     56     Quite
755     53     Quite
761     56     Quite
768     55     Quite
784     56     Quite
755     55     Quite
782     53     Quite
770     56     Quite
752     54     Quite
759     54     Quite
753     55     Quite
778     56     Quite
752     53     Quite
784     54     Quite
773     54     Quite
752     56     Quite
761     53     Quite
753     53     Quite
749     52     Quite
768     54     Quite
778     56     Quite
784     55     Quite
753     55     Quite
780     55     Quite
769     53     Quite
752     52     Quite
754     53     Quite
777     56     Quite
770     57     Quite
758     55     Quite
717     57     Quite
757     54     Quite
784     55     Quite
757     54     Quite
767     52     Quite
766     53     Quite
743     55     Quite
752     52     Quite
765     52     Quite
756     55     Quite
772     53     Quite
779     53     Quite
832     54     Quite
752     56     Quite
752     54     Quite
779     53     Quite
754     57     Quite
765     54     Quite
785     58     Quite
771     54     Quite
674     52     Quite
739     53     Quite
759     52     Quite
756     55     Quite
752     55     Quite
774     56     Quite
748     55     Quite
789     54     Quite
754     56     Quite
755     54     Quite
741     55     Quite
686     55     Quite
773     55     Quite
770     54     Quite
752     54     Quite
751     54     Quite
749     56     Quite
761     56     Quite
768     54     Quite
762     56     Quite
768     54     Quite
761     54     Quite
758     54     Quite
752     54     Quite
759     52     Quite
768     53     Quite
766     54     Quite
769     54     Quite
758     52     Quite
750     53     Quite
781     54     Quite
764     54     Quite
771     53     Quite
777     56     Quite
772     53     Quite
766     53     Quite
757     54     Quite
757     52     Quite
761     55     Quite
765     55     Quite
765     54     Quite
737     54     Quite
768     52     Quite
784     54     Quite
758     51     Quite
771     53     Quite
775     56     Quite
750     54     Quite
766     55     Quite
765     54     Quite
771     53     Quite
761     54     Quite
751     52     Quite
762     52     Quite
755     54     Quite
769     53     Quite
779     54     Quite
746     53     Quite
783     54     Quite
771     55     Quite
777     53     Quite
743     55     Quite
738     56     Quite
768     55     Quite
777     53     Quite
739     54     Quite
752     54     Quite
752     55     Quite
746     53     Quite
768     57     Quite
766     57     Quite
767     54     Quite
752     52     Quite
749     54     Quite
779     55     Quite
750     52     Quite
777     53     Quite
752     53     Quite
670     55     Quite
763     53     Quite
763     55     Quite
752     54     Quite
752     55     Quite
757     55     Quite
773     56     Quite
752     56     Quite
763     53     Quite
763     54     Quite
751     53     Quite
748     54     Quite
755     55     Quite
757     55     Quite
752     53     Quite
768     54     Quite
753     55     Quite
758     56     Quite
740     53     Quite
767     52     Quite
763     54     Quite
782     54     Quite
766     55     Quite
727     53     Quite
762     51     Quite
752     53     Quite
745     56     Quite
765     54     Quite
751     53     Quite
769     54     Quite
758     53     Quite
739     55     Quite
752     52     Quite
750     56     Quite
768     53     Quite
850     53     Quite
746     53     Quite
759     52     Quite
783     52     Quite
774     54     Quite
752     55     Quite
784     55     Quite
772     54     Quite
769     55     Quite
746     56     Quite
767     52     Quite
781     52     Quite
753     53     Quite
757     56     Quite
762     52     Quite
763     55     Quite
790     54     Quite
752     52     Quite
743     52     Quite
697     53     Quite
768     55     Quite
761     55     Quite
773     56     Quite
748     57     Quite
767     54     Quite
784     57     Quite
753     55     Quite
751     54     Quite
765     56     Quite
771     54     Quite
773     55     Quite
752     53     Quite
707     55     Quite
771     55     Quite
760     54     Quite
784     52     Quite
768     55     Quite
777     52     Quite
759     52     Quite
749     52     Quite
759     55     Quite
750     56     Quite
766     53     Quite
768     56     Quite
764     55     Quite
752     52     Quite
779     53     Quite
773     54     Quite
769     54     Quite
758     51     Quite
769     57     Quite
765     54     Quite
771     54     Quite
782     56     Quite
751     55     Quite
779     54     Quite
773     51     Quite
769     52     Quite
774     56     Quite
752     56     Quite
782     53     Quite
752     52     Quite
769     59     Quite
788     56     Quite
749     52     Quite
785     53     Quite
764     54     Quite
738     53     Quite
764     56     Quite
758     54     Quite
740     54     Quite
762     55     Quite
748     53     Quite
754     53     Quite
779     56     Quite
786     56     Quite
747     55     Quite
750     54     Quite
756     52     Quite
769     54     Quite
778     54     Quite
761     53     Quite
782     55     Quite
749     54     Quite
691     52     Quite
763     53     Quite
763     54     Quite
748     54     Quite
794     57     Quite
775     55     Quite
789     56     Quite
754     53     Quite
768     54     Quite
752     56     Quite
774     56     Quite
766     51     Quite
786     55     Quite
770     52     Quite
747     52     Quite
768     57     Quite
784     54     Quite
772     54     Quite
782     53     Quite
781     55     Quite
755     54     Quite
766     56     Quite
748     55     Quite
751     53     Quite
757     57     Quite
778     54     Quite
773     53     Quite
769     57     Quite
773     55     Quite
731     56     Quite
750     54     Quite
746     56     Quite
783     55     Quite
741     55     Quite
768     53     Quite
774     53     Quite
767     55     Quite
767     53     Quite
780     56     Quite
751     52     Quite
767     56     Quite
762     53     Quite
780     54     Quite
752     55     Quite
743     54     Quite
758     53     Quite
774     55     Quite
757     52     Quite
746     55     Quite
765     54     Quite
781     53     Quite
768     57     Quite
791     55     Quite
758     55     Quite
757     55     Quite
773     54     Quite
765     53     Quite
763     55     Quite
761     54     Quite
784     55     Quite
760     55     Quite
770     55     Quite
710     55     Quite
775     54     Quite
754     52     Quite
782     54     Quite
784     56     Quite
751     54     Quite
809     54     Quite
773     55     Quite
769     54     Quite
783     53     Quite
781     51     Quite
765     57     Quite
758     55     Quite
775     55     Quite
778     52     Quite
765     54     Quite
739     54     Quite
764     54     Quite
731     54     Quite
769     53     Quite
739     55     Quite
790     54     Quite
771     53     Quite
766     56     Quite
762     54     Quite
722     53     Quite
783     55     Quite
763     52     Quite
768     56     Quite
739     53     Quite
770     55     Quite
771     54     Quite
771     54     Quite
765     54     Quite
755     53     Quite
831     55     Quite
754     56     Quite
767     54     Quite
747     55     Quite
775     56     Quite
753     54     Quite
741     57     Quite
771     56     Quite
778     55     Quite
754     56     Quite
765     51     Quite
775     53     Quite
775     56     Quite
751     55     Quite
767     53     Quite
754     54     Quite
771     53     Quite
755     52     Quite
748     54     Quite
800     57     Quite
754     54     Quite
768     56     Quite
769     57     Quite
763     55     Quite
749     53     Quite
762     52     Quite
783     57     Quite
778     56     Quite
765     55     Quite
784     55     Quite
751     57     Quite
766     55     Quite
761     56     Quite
752     55     Quite
770     51     Quite
757     56     Quite
758     56     Quite
761     53     Quite
765     54     Quite
768     53     Quite
763     54     Quite
