Sensor_RAW dB 3_Stage_Level
775     54     Quite
768     54     Quite
773     52     Quite
783     53     Quite
823     54     Quite
775     54     Quite
771     55     Quite
781     54     Quite
779     52     Quite
771     53     Quite
780     54     Quite
773     53     Quite
784     52     Quite
773     53     Quite
781     53     Quite
779     51     Quite
773     53     Quite
777     53     Quite
775     54     Quite
777     52     Quite
769     52     Quite
772     53     Quite
761     53     Quite
763     52     Quite
784     51     Quite
783     52     Quite
767     52     Quite
773     53     Quite
779     54     Quite
764     53     Quite
764     55     Quite
778     54     Quite
769     56     Quite
773     54     Quite
778     53     Quite
769     51     Quite
743     55     Quite
765     52     Quite
791     52     Quite
769     53     Quite
770     53     Quite
768     54     Quite
778     55     Quite
773     52     Quite
784     54     Quite
771     53     Quite
778     55     Quite
770     54     Quite
777     53     Quite
770     55     Quite
781     55     Quite
781     52     Quite
769     55     Quite
777     52     Quite
784     50     Quite
773     54     Quite
778     55     Quite
781     53     Quite
771     51     Quite
768     55     Quite
771     54     Quite
782     55     Quite
771     52     Quite
771     51     Quite
774     52     Quite
774     54     Quite
772     54     Quite
774     54     Quite
767     53     Quite
772     52     Quite
773     53     Quite
769     54     Quite
771     52     Quite
765     55     Quite
772     53     Quite
774     53     Quite
765     54     Quite
774     53     Quite
777     52     Quite
783     52     Quite
773     54     Quite
763     55     Quite
776     53     Quite
773     52     Quite
761     53     Quite
781     53     Quite
772     54     Quite
770     55     Quite
783     55     Quite
783     54     Quite
747     55     Quite
770     54     Quite
768     55     Quite
763     54     Quite
771     52     Quite
782     52     Quite
774     53     Quite
769     52     Quite
778     57     Quite
777     54     Quite
769     54     Quite
780     52     Quite
778     57     Quite
769     52     Quite
773     53     Quite
777     53     Quite
770     54     Quite
779     54     Quite
771     53     Quite
769     53     Quite
765     51     Quite
772     52     Quite
769     54     Quite
783     53     Quite
773     54     Quite
797     52     Quite
774     53     Quite
766     53     Quite
777     55     Quite
763     52     Quite
763     53     Quite
778     53     Quite
775     53     Quite
769     53     Quite
775     52     Quite
774     54     Quite
773     52     Quite
783     53     Quite
781     53     Quite
769     53     Quite
769     54     Quite
773     54     Quite
773     54     Quite
735     54     Quite
779     54     Quite
771     52     Quite
772     54     Quite
784     54     Quite
768     55     Quite
779     50     Quite
775     55     Quite
769     54     Quite
773     54     Quite
774     50     Quite
783     55     Quite
775     52     Quite
774     54     Quite
767     53     Quite
773     55     Quite
773     52     Quite
775     54     Quite
766     52     Quite
767     51     Quite
784     54     Quite
768     54     Quite
781     54     Quite
770     52     Quite
780     53     Quite
769     52     Quite
775     53     Quite
782     53     Quite
786     56     Quite
768     53     Quite
772     53     Quite
774     53     Quite
772     54     Quite
767     52     Quite
772     53     Quite
778     53     Quite
769     55     Quite
776     52     Quite
768     52     Quite
767     54     Quite
773     55     Quite
772     53     Quite
771     54     Quite
773     54     Quite
736     54     Quite
765     55     Quite
771     54     Quite
772     54     Quite
770     53     Quite
779     54     Quite
769     52     Quite
773     54     Quite
765     54     Quite
774     53     Quite
771     53     Quite
763     53     Quite
778     55     Quite
762     54     Quite
779     54     Quite
773     54     Quite
774     53     Quite
778     54     Quite
775     53     Quite
773     52     Quite
768     54     Quite
783     51     Quite
781     52     Quite
787     55     Quite
783     52     Quite
783     55     Quite
770     54     Quite
772     54     Quite
774     53     Quite
771     54     Quite
773     53     Quite
702     53     Quite
783     52     Quite
770     53     Quite
781     54     Quite
770     52     Quite
769     54     Quite
781     54     Quite
775     53     Quite
771     53     Quite
775     54     Quite
772     53     Quite
775     56     Quite
774     52     Quite
781     54     Quite
775     54     Quite
769     52     Quite
774     53     Quite
771     51     Quite
775     53     Quite
769     54     Quite
771     52     Quite
771     52     Quite
772     54     Quite
777     55     Quite
755     53     Quite
771     55     Quite
769     54     Quite
766     54     Quite
776     54     Quite
774     53     Quite
772     55     Quite
773     52     Quite
780     55     Quite
784     54     Quite
774     53     Quite
778     53     Quite
769     52     Quite
782     54     Quite
768     53     Quite
780     53     Quite
770     55     Quite
781     53     Quite
762     54     Quite
784     53     Quite
771     51     Quite
732     55     Quite
774     54     Quite
775     54     Quite
766     54     Quite
779     55     Quite
768     54     Quite
770     54     Quite
778     54     Quite
768     55     Quite
771     53     Quite
775     54     Quite
770     54     Quite
777     54     Quite
766     52     Quite
781     54     Quite
761     52     Quite
770     52     Quite
773     52     Quite
767     54     Quite
769     54     Quite
767     53     Quite
775     54     Quite
773     51     Quite
780     54     Quite
774     54     Quite
779     54     Quite
769     54     Quite
769     54     Quite
774     54     Quite
773     53     Quite
777     53     Quite
772     54     Quite
779     54     Quite
782     54     Quite
769     52     Quite
775     53     Quite
770     53     Quite
768     55     Quite
784     53     Quite
769     54     Quite
768     52     Quite
779     53     Quite
771     54     Quite
778     51     Quite
770     54     Quite
764     53     Quite
762     53     Quite
766     55     Quite
769     51     Quite
773     52     Quite
768     51     Quite
771     53     Quite
768     53     Quite
773     55     Quite
753     55     Quite
775     53     Quite
765     54     Quite
770     54     Quite
781     51     Quite
777     53     Quite
768     54     Quite
770     52     Quite
763     50     Quite
767     51     Quite
763     53     Quite
768     53     Quite
778     54     Quite
775     53     Quite
769     52     Quite
778     52     Quite
766     56     Quite
767     54     Quite
709     52     Quite
761     51     Quite
769     53     Quite
771     53     Quite
777     55     Quite
769     54     Quite
784     55     Quite
768     54     Quite
770     54     Quite
782     52     Quite
778     55     Quite
773     54     Quite
782     53     Quite
771     53     Quite
777     55     Quite
766     53     Quite
767     53     Quite
767     55     Quite
768     53     Quite
757     53     Quite
754     53     Quite
779     52     Quite
771     52     Quite
767     52     Quite
768     54     Quite
784     53     Quite
771     54     Quite
785     55     Quite
768     52     Quite
776     53     Quite
767     55     Quite
778     54     Quite
784     53     Quite
757     53     Quite
763     52     Quite
777     54     Quite
772     54     Quite
765     54     Quite
769     55     Quite
769     52     Quite
774     51     Quite
777     53     Quite
763     54     Quite
765     52     Quite
783     54     Quite
770     54     Quite
763     55     Quite
763     54     Quite
774     51     Quite
773     53     Quite
768     55     Quite
763     53     Quite
771     52     Quite
774     54     Quite
770     53     Quite
772     54     Quite
754     55     Quite
764     52     Quite
778     53     Quite
773     52     Quite
770     53     Quite
779     53     Quite
781     55     Quite
758     52     Quite
771     54     Quite
782     53     Quite
768     54     Quite
778     55     Quite
772     53     Quite
769     53     Quite
774     54     Quite
769     52     Quite
770     53     Quite
770     54     Quite
770     55     Quite
757     55     Quite
770     54     Quite
766     53     Quite
776     54     Quite
780     53     Quite
773     54     Quite
779     53     Quite
769     53     Quite
762     52     Quite
765     52     Quite
766     54     Quite
771     52     Quite
769     55     Quite
781     56     Quite
770     55     Quite
771     55     Quite
773     54     Quite
780     54     Quite
773     52     Quite
774     54     Quite
773     54     Quite
769     53     Quite
773     52     Quite
769     54     Quite
775     55     Quite
768     55     Quite
782     52     Quite
771     52     Quite
856     54     Quite
766     52     Quite
768     55     Quite
770     52     Quite
737     53     Quite
789     54     Quite
778     56     Quite
766     52     Quite
768     54     Quite
769     55     Quite
775     52     Quite
775     53     Quite
776     51     Quite
777     53     Quite
770     53     Quite
782     56     Quite
781     52     Quite
773     54     Quite
784     53     Quite
768     52     Quite
770     53     Quite
763     53     Quite
770     55     Quite
774     53     Quite
775     54     Quite
772     55     Quite
772     54     Quite
766     55     Quite
769     51     Quite
780     52     Quite
775     55     Quite
769     51     Quite
779     52     Quite
771     54     Quite
769     52     Quite
769     54     Quite
784     51     Quite
769     54     Quite
772     53     Quite
769     55     Quite
775     54     Quite
767     54     Quite
768     55     Quite
774     51     Quite
782     54     Quite
766     51     Quite
775     53     Quite
773     54     Quite
768     54     Quite
763     54     Quite
762     56     Quite
764     52     Quite
768     55     Quite
762     53     Quite
764     57     Quite
782     51     Quite
770     52     Quite
766     55     Quite
774     52     Quite
777     54     Quite
