Sensor_RAW dB 3_Stage_Level
759     56     Quite
769     55     Quite
766     53     Quite
759     55     Quite
788     55     Quite
768     55     Quite
765     59     Quite
754     57     Quite
745     55     Quite
767     56     Quite
784     57     Quite
746     56     Quite
770     54     Quite
749     57     Quite
783     58     Quite
781     56     Quite
764     55     Quite
761     53     Quite
767     53     Quite
774     55     Quite
758     53     Quite
753     57     Quite
757     54     Quite
752     56     Quite
774     53     Quite
751     56     Quite
768     54     Quite
774     58     Quite
751     53     Quite
778     52     Quite
761     56     Quite
755     55     Quite
759     56     Quite
758     57     Quite
770     53     Quite
763     56     Quite
771     55     Quite
763     54     Quite
773     56     Quite
753     55     Quite
769     54     Quite
762     56     Quite
769     55     Quite
752     55     Quite
759     53     Quite
750     55     Quite
761     53     Quite
771     53     Quite
749     55     Quite
768     56     Quite
777     54     Quite
769     53     Quite
757     55     Quite
743     58     Quite
752     57     Quite
767     56     Quite
775     55     Quite
773     58     Quite
767     56     Quite
767     54     Quite
770     56     Quite
769     55     Quite
766     55     Quite
754     54     Quite
752     56     Quite
762     54     Quite
768     52     Quite
749     57     Quite
755     57     Quite
759     55     Quite
754     58     Quite
779     55     Quite
756     57     Quite
752     54     Quite
770     55     Quite
767     55     Quite
765     55     Quite
761     55     Quite
763     54     Quite
765     56     Quite
768     53     Quite
753     54     Quite
766     56     Quite
751     54     Quite
773     57     Quite
772     51     Quite
752     55     Quite
775     56     Quite
766     53     Quite
771     55     Quite
766     54     Quite
768     55     Quite
759     54     Quite
756     56     Quite
774     55     Quite
766     58     Quite
763     58     Quite
758     53     Quite
768     53     Quite
782     55     Quite
753     55     Quite
756     52     Quite
760     55     Quite
755     57     Quite
782     57     Quite
761     54     Quite
751     56     Quite
763     56     Quite
759     55     Quite
763     57     Quite
775     54     Quite
753     54     Quite
764     55     Quite
768     55     Quite
752     54     Quite
758     52     Quite
754     55     Quite
761     57     Quite
760     53     Quite
781     56     Quite
745     55     Quite
754     58     Quite
754     56     Quite
814     56     Quite
761     56     Quite
778     57     Quite
747     57     Quite
765     53     Quite
757     55     Quite
851     55     Quite
751     55     Quite
770     54     Quite
770     51     Quite
756     55     Quite
765     54     Quite
768     54     Quite
774     57     Quite
764     57     Quite
756     55     Quite
766     53     Quite
761     55     Quite
751     54     Quite
760     56     Quite
759     54     Quite
766     53     Quite
768     56     Quite
765     54     Quite
768     56     Quite
753     56     Quite
761     57     Quite
757     55     Quite
767     56     Quite
767     56     Quite
771     56     Quite
768     57     Quite
766     57     Quite
752     57     Quite
767     54     Quite
778     57     Quite
757     53     Quite
761     58     Quite
768     56     Quite
773     54     Quite
767     55     Quite
753     54     Quite
766     53     Quite
755     56     Quite
762     56     Quite
768     57     Quite
735     55     Quite
765     57     Quite
777     52     Quite
752     58     Quite
756     57     Quite
763     57     Quite
763     52     Quite
772     55     Quite
761     55     Quite
755     55     Quite
768     57     Quite
766     54     Quite
752     55     Quite
768     57     Quite
758     56     Quite
751     52     Quite
766     53     Quite
754     58     Quite
783     56     Quite
770     53     Quite
774     54     Quite
773     53     Quite
777     57     Quite
746     54     Quite
784     56     Quite
769     54     Quite
752     55     Quite
753     56     Quite
756     54     Quite
764     55     Quite
771     57     Quite
759     55     Quite
774     55     Quite
747     55     Quite
774     54     Quite
766     56     Quite
759     57     Quite
757     54     Quite
679     55     Quite
754     56     Quite
763     54     Quite
768     55     Quite
766     53     Quite
767     54     Quite
778     58     Quite
759     55     Quite
747     55     Quite
766     56     Quite
753     55     Quite
755     55     Quite
771     55     Quite
763     57     Quite
759     56     Quite
768     55     Quite
758     57     Quite
755     55     Quite
747     54     Quite
771     56     Quite
754     57     Quite
759     55     Quite
762     56     Quite
760     57     Quite
762     54     Quite
766     57     Quite
756     56     Quite
752     51     Quite
752     54     Quite
771     55     Quite
771     55     Quite
754     57     Quite
755     55     Quite
758     57     Quite
752     56     Quite
757     52     Quite
774     58     Quite
767     56     Quite
771     53     Quite
765     55     Quite
752     57     Quite
767     56     Quite
765     57     Quite
780     56     Quite
774     55     Quite
760     55     Quite
771     56     Quite
763     53     Quite
758     53     Quite
754     56     Quite
774     56     Quite
762     55     Quite
770     57     Quite
742     55     Quite
758     56     Quite
762     55     Quite
752     55     Quite
771     56     Quite
779     57     Quite
761     55     Quite
752     53     Quite
789     56     Quite
758     56     Quite
774     56     Quite
770     55     Quite
779     55     Quite
760     53     Quite
753     57     Quite
750     54     Quite
762     55     Quite
771     56     Quite
773     53     Quite
752     55     Quite
759     55     Quite
763     55     Quite
748     57     Quite
754     55     Quite
765     53     Quite
779     56     Quite
754     56     Quite
759     53     Quite
771     56     Quite
759     53     Quite
758     56     Quite
770     56     Quite
761     56     Quite
747     56     Quite
778     53     Quite
752     54     Quite
773     55     Quite
762     54     Quite
757     54     Quite
756     54     Quite
774     54     Quite
763     56     Quite
776     56     Quite
771     52     Quite
745     58     Quite
755     57     Quite
750     56     Quite
816     55     Quite
757     55     Quite
781     56     Quite
763     56     Quite
753     56     Quite
752     55     Quite
752     55     Quite
753     56     Quite
767     54     Quite
758     54     Quite
761     55     Quite
766     55     Quite
770     57     Quite
752     56     Quite
752     52     Quite
768     55     Quite
763     54     Quite
755     56     Quite
759     55     Quite
774     56     Quite
752     54     Quite
756     57     Quite
768     54     Quite
748     55     Quite
813     54     Quite
768     54     Quite
776     57     Quite
762     57     Quite
766     55     Quite
758     57     Quite
758     54     Quite
770     56     Quite
766     53     Quite
763     53     Quite
758     52     Quite
752     57     Quite
759     56     Quite
755     55     Quite
771     56     Quite
753     54     Quite
769     57     Quite
777     55     Quite
774     54     Quite
771     54     Quite
768     54     Quite
773     53     Quite
770     55     Quite
755     54     Quite
766     54     Quite
750     55     Quite
762     56     Quite
683     53     Quite
752     57     Quite
754     54     Quite
762     57     Quite
763     59     Quite
758     54     Quite
768     54     Quite
770     55     Quite
769     56     Quite
749     58     Quite
759     53     Quite
769     57     Quite
773     56     Quite
762     57     Quite
759     55     Quite
763     56     Quite
763     55     Quite
769     55     Quite
773     57     Quite
759     52     Quite
762     55     Quite
769     58     Quite
775     55     Quite
743     54     Quite
769     56     Quite
783     53     Quite
758     56     Quite
791     54     Quite
761     57     Quite
759     57     Quite
784     58     Quite
754     55     Quite
729     56     Quite
763     58     Quite
770     56     Quite
749     55     Quite
755     55     Quite
769     57     Quite
771     55     Quite
778     54     Quite
739     54     Quite
757     54     Quite
763     54     Quite
746     56     Quite
773     55     Quite
768     55     Quite
761     55     Quite
779     53     Quite
768     53     Quite
762     55     Quite
758     55     Quite
746     54     Quite
791     54     Quite
755     56     Quite
774     55     Quite
765     57     Quite
763     57     Quite
742     57     Quite
782     54     Quite
757     55     Quite
745     55     Quite
755     56     Quite
763     53     Quite
762     54     Quite
770     54     Quite
765     56     Quite
749     54     Quite
754     55     Quite
783     55     Quite
739     53     Quite
768     57     Quite
761     54     Quite
736     56     Quite
769     53     Quite
776     57     Quite
745     53     Quite
762     56     Quite
769     52     Quite
752     57     Quite
774     53     Quite
742     54     Quite
753     53     Quite
767     56     Quite
768     51     Quite
759     56     Quite
760     55     Quite
