Sensor_RAW dB 3_Stage_Level
823     55     Quite
816     52     Quite
816     53     Quite
784     53     Quite
790     53     Quite
803     54     Quite
810     52     Quite
816     52     Quite
821     53     Quite
816     55     Quite
823     54     Quite
816     55     Quite
821     55     Quite
891     52     Quite
819     52     Quite
816     56     Quite
836     54     Quite
875     54     Quite
869     53     Quite
863     54     Quite
869     54     Quite
860     53     Quite
870     53     Quite
863     56     Quite
863     53     Quite
870     53     Quite
872     52     Quite
871     53     Quite
871     55     Quite
871     54     Quite
866     55     Quite
867     54     Quite
875     53     Quite
866     52     Quite
875     54     Quite
871     51     Quite
877     50     Quite
871     52     Quite
867     53     Quite
862     54     Quite
870     51     Quite
866     55     Quite
941     51     Quite
873     54     Quite
879     52     Quite
871     55     Quite
868     52     Quite
879     52     Quite
871     54     Quite
871     54     Quite
875     55     Quite
869     52     Quite
865     55     Quite
871     54     Quite
880     53     Quite
867     55     Quite
865     52     Quite
875     54     Quite
855     53     Quite
877     54     Quite
871     55     Quite
873     53     Quite
880     54     Quite
875     54     Quite
874     55     Quite
869     55     Quite
882     54     Quite
871     54     Quite
882     55     Quite
871     55     Quite
872     55     Quite
870     55     Quite
854     53     Quite
868     50     Quite
874     53     Quite
878     52     Quite
875     54     Quite
868     51     Quite
870     52     Quite
870     55     Quite
870     55     Quite
874     53     Quite
871     53     Quite
870     53     Quite
869     54     Quite
880     53     Quite
880     53     Quite
870     52     Quite
873     53     Quite
867     53     Quite
873     54     Quite
875     54     Quite
877     54     Quite
873     52     Quite
880     54     Quite
877     53     Quite
880     53     Quite
880     54     Quite
867     55     Quite
877     54     Quite
881     55     Quite
837     52     Quite
871     53     Quite
877     54     Quite
879     55     Quite
874     51     Quite
876     57     Quite
871     54     Quite
871     53     Quite
880     53     Quite
867     56     Quite
866     53     Quite
871     51     Quite
879     54     Quite
873     52     Quite
876     54     Quite
868     55     Quite
877     54     Quite
878     55     Quite
874     52     Quite
869     56     Quite
875     53     Quite
874     54     Quite
874     55     Quite
878     53     Quite
875     53     Quite
875     54     Quite
876     54     Quite
870     56     Quite
882     56     Quite
875     52     Quite
875     53     Quite
870     56     Quite
876     54     Quite
871     53     Quite
878     51     Quite
877     51     Quite
868     54     Quite
889     53     Quite
879     57     Quite
878     52     Quite
873     52     Quite
899     54     Quite
874     55     Quite
877     51     Quite
886     51     Quite
880     54     Quite
871     55     Quite
875     52     Quite
880     54     Quite
882     52     Quite
880     54     Quite
878     51     Quite
877     53     Quite
879     54     Quite
870     53     Quite
871     54     Quite
877     53     Quite
871     53     Quite
870     53     Quite
875     52     Quite
880     55     Quite
880     54     Quite
878     52     Quite
871     53     Quite
875     52     Quite
874     53     Quite
880     52     Quite
879     52     Quite
874     54     Quite
867     55     Quite
879     54     Quite
876     52     Quite
880     53     Quite
883     52     Quite
881     54     Quite
877     51     Quite
881     52     Quite
882     53     Quite
883     53     Quite
880     51     Quite
883     53     Quite
885     53     Quite
881     54     Quite
880     54     Quite
880     53     Quite
880     51     Quite
875     55     Quite
882     54     Quite
884     54     Quite
879     55     Quite
873     53     Quite
881     53     Quite
886     53     Quite
881     54     Quite
857     52     Quite
880     52     Quite
880     55     Quite
884     53     Quite
878     54     Quite
883     53     Quite
881     54     Quite
883     52     Quite
880     54     Quite
877     54     Quite
880     55     Quite
883     52     Quite
881     54     Quite
881     52     Quite
898     54     Quite
883     53     Quite
880     54     Quite
883     55     Quite
886     53     Quite
885     52     Quite
880     55     Quite
887     52     Quite
882     53     Quite
931     55     Quite
881     52     Quite
882     53     Quite
894     55     Quite
880     53     Quite
880     55     Quite
860     55     Quite
880     54     Quite
875     54     Quite
883     53     Quite
880     52     Quite
880     53     Quite
883     53     Quite
881     53     Quite
853     52     Quite
882     55     Quite
883     55     Quite
878     53     Quite
879     55     Quite
880     57     Quite
880     53     Quite
880     54     Quite
883     50     Quite
885     54     Quite
885     54     Quite
880     54     Quite
884     54     Quite
880     53     Quite
880     55     Quite
880     53     Quite
880     56     Quite
882     51     Quite
882     55     Quite
881     53     Quite
879     54     Quite
881     55     Quite
820     51     Quite
880     51     Quite
880     54     Quite
889     54     Quite
880     54     Quite
887     53     Quite
891     51     Quite
885     56     Quite
880     51     Quite
874     55     Quite
885     53     Quite
878     56     Quite
877     54     Quite
883     52     Quite
880     57     Quite
880     54     Quite
883     52     Quite
880     54     Quite
882     55     Quite
881     53     Quite
880     54     Quite
883     53     Quite
881     55     Quite
882     55     Quite
800     52     Quite
878     55     Quite
882     54     Quite
880     56     Quite
887     55     Quite
880     54     Quite
889     53     Quite
887     55     Quite
882     52     Quite
885     53     Quite
880     54     Quite
880     54     Quite
881     52     Quite
876     54     Quite
880     53     Quite
883     54     Quite
880     53     Quite
886     53     Quite
883     51     Quite
886     55     Quite
880     56     Quite
880     55     Quite
886     53     Quite
886     52     Quite
883     54     Quite
886     52     Quite
887     53     Quite
881     55     Quite
880     52     Quite
881     55     Quite
882     54     Quite
876     55     Quite
883     52     Quite
891     54     Quite
880     54     Quite
880     53     Quite
880     52     Quite
889     54     Quite
880     55     Quite
883     53     Quite
884     55     Quite
887     55     Quite
881     53     Quite
887     54     Quite
880     55     Quite
883     52     Quite
880     54     Quite
886     55     Quite
884     52     Quite
880     52     Quite
889     54     Quite
884     53     Quite
881     54     Quite
887     54     Quite
889     52     Quite
885     53     Quite
882     55     Quite
926     56     Quite
885     54     Quite
885     53     Quite
923     54     Quite
919     52     Quite
927     51     Quite
927     51     Quite
926     53     Quite
914     50     Quite
923     51     Quite
928     54     Quite
