Sensor_RAW dB 3_Stage_Level
765     55     Quite
770     55     Quite
852     55     Quite
763     58     Quite
768     54     Quite
754     52     Quite
763     52     Quite
758     54     Quite
755     54     Quite
755     56     Quite
765     53     Quite
773     55     Quite
761     53     Quite
759     56     Quite
747     53     Quite
764     54     Quite
770     55     Quite
755     55     Quite
753     54     Quite
768     54     Quite
765     56     Quite
758     53     Quite
747     52     Quite
753     55     Quite
752     54     Quite
763     55     Quite
739     53     Quite
760     54     Quite
776     53     Quite
759     54     Quite
752     55     Quite
766     55     Quite
768     55     Quite
752     55     Quite
763     56     Quite
755     57     Quite
752     57     Quite
755     54     Quite
754     54     Quite
761     57     Quite
756     55     Quite
761     55     Quite
729     54     Quite
763     54     Quite
787     54     Quite
778     53     Quite
768     53     Quite
764     53     Quite
760     52     Quite
755     54     Quite
758     56     Quite
763     54     Quite
759     56     Quite
771     52     Quite
766     53     Quite
763     57     Quite
754     54     Quite
769     52     Quite
758     54     Quite
766     55     Quite
767     55     Quite
759     55     Quite
768     53     Quite
771     52     Quite
771     55     Quite
762     57     Quite
769     56     Quite
759     51     Quite
769     53     Quite
771     54     Quite
766     54     Quite
769     56     Quite
759     53     Quite
750     56     Quite
768     56     Quite
770     54     Quite
765     50     Quite
762     55     Quite
755     56     Quite
761     55     Quite
754     54     Quite
759     56     Quite
770     56     Quite
766     54     Quite
755     52     Quite
752     55     Quite
775     54     Quite
766     55     Quite
753     54     Quite
767     56     Quite
777     53     Quite
766     54     Quite
751     55     Quite
763     56     Quite
774     56     Quite
764     55     Quite
763     55     Quite
768     55     Quite
768     55     Quite
763     57     Quite
832     53     Quite
778     55     Quite
770     56     Quite
762     54     Quite
767     54     Quite
686     56     Quite
752     54     Quite
767     51     Quite
768     56     Quite
768     55     Quite
759     55     Quite
771     56     Quite
754     55     Quite
761     56     Quite
766     54     Quite
763     55     Quite
755     55     Quite
756     53     Quite
769     55     Quite
765     54     Quite
771     55     Quite
759     55     Quite
764     55     Quite
752     53     Quite
771     55     Quite
765     53     Quite
761     55     Quite
763     52     Quite
768     55     Quite
759     54     Quite
766     53     Quite
768     54     Quite
784     52     Quite
759     54     Quite
766     55     Quite
768     55     Quite
764     53     Quite
768     53     Quite
755     55     Quite
766     53     Quite
766     55     Quite
770     57     Quite
768     52     Quite
770     55     Quite
766     54     Quite
720     55     Quite
764     57     Quite
762     54     Quite
761     55     Quite
770     53     Quite
759     53     Quite
755     56     Quite
710     54     Quite
768     55     Quite
770     54     Quite
777     54     Quite
770     55     Quite
770     55     Quite
770     54     Quite
753     53     Quite
761     55     Quite
753     55     Quite
768     56     Quite
766     54     Quite
766     58     Quite
743     53     Quite
777     52     Quite
769     56     Quite
770     54     Quite
765     54     Quite
768     54     Quite
761     54     Quite
762     54     Quite
770     55     Quite
768     54     Quite
766     54     Quite
773     56     Quite
765     54     Quite
767     54     Quite
763     55     Quite
774     56     Quite
768     51     Quite
766     54     Quite
758     52     Quite
786     56     Quite
774     55     Quite
768     51     Quite
768     52     Quite
761     55     Quite
766     56     Quite
764     52     Quite
762     56     Quite
770     54     Quite
769     57     Quite
763     56     Quite
761     54     Quite
779     53     Quite
767     53     Quite
769     55     Quite
765     56     Quite
774     55     Quite
761     56     Quite
758     56     Quite
762     55     Quite
766     54     Quite
754     55     Quite
770     53     Quite
784     55     Quite
777     55     Quite
774     54     Quite
770     54     Quite
774     54     Quite
774     53     Quite
761     56     Quite
755     53     Quite
763     53     Quite
781     54     Quite
755     55     Quite
755     52     Quite
774     55     Quite
765     53     Quite
750     52     Quite
763     55     Quite
757     56     Quite
752     55     Quite
775     54     Quite
771     55     Quite
761     52     Quite
752     55     Quite
763     54     Quite
767     53     Quite
755     55     Quite
746     55     Quite
770     53     Quite
763     54     Quite
762     58     Quite
768     54     Quite
768     55     Quite
755     54     Quite
763     53     Quite
693     54     Quite
759     57     Quite
755     55     Quite
752     55     Quite
766     54     Quite
769     55     Quite
752     54     Quite
771     54     Quite
755     55     Quite
749     57     Quite
758     54     Quite
764     57     Quite
774     52     Quite
757     55     Quite
768     55     Quite
752     55     Quite
751     52     Quite
761     57     Quite
765     56     Quite
777     55     Quite
754     54     Quite
766     56     Quite
764     55     Quite
762     57     Quite
779     53     Quite
765     55     Quite
771     56     Quite
747     54     Quite
707     56     Quite
754     57     Quite
765     54     Quite
758     54     Quite
802     56     Quite
773     52     Quite
763     54     Quite
763     54     Quite
767     55     Quite
752     51     Quite
781     55     Quite
752     56     Quite
786     53     Quite
747     57     Quite
775     55     Quite
768     56     Quite
783     57     Quite
754     56     Quite
755     56     Quite
758     54     Quite
785     55     Quite
763     53     Quite
758     55     Quite
750     53     Quite
756     53     Quite
762     53     Quite
775     56     Quite
752     58     Quite
769     54     Quite
778     55     Quite
758     53     Quite
768     51     Quite
773     54     Quite
763     51     Quite
754     54     Quite
767     54     Quite
765     53     Quite
762     55     Quite
781     57     Quite
747     55     Quite
763     53     Quite
758     52     Quite
768     55     Quite
765     54     Quite
773     54     Quite
755     53     Quite
747     55     Quite
791     57     Quite
753     52     Quite
761     55     Quite
757     52     Quite
768     56     Quite
754     56     Quite
766     53     Quite
764     54     Quite
749     51     Quite
780     52     Quite
784     57     Quite
783     53     Quite
778     58     Quite
757     56     Quite
759     57     Quite
775     53     Quite
758     55     Quite
767     56     Quite
755     55     Quite
753     53     Quite
745     55     Quite
757     53     Quite
777     55     Quite
766     57     Quite
777     55     Quite
775     55     Quite
767     57     Quite
767     54     Quite
743     57     Quite
800     56     Quite
766     55     Quite
752     54     Quite
763     54     Quite
787     54     Quite
765     56     Quite
762     54     Quite
777     57     Quite
770     56     Quite
757     55     Quite
765     53     Quite
764     55     Quite
761     55     Quite
766     54     Quite
755     55     Quite
767     53     Quite
731     55     Quite
763     54     Quite
753     52     Quite
769     52     Quite
751     56     Quite
752     57     Quite
763     53     Quite
784     53     Quite
747     57     Quite
759     57     Quite
729     56     Quite
781     56     Quite
778     51     Quite
752     55     Quite
746     57     Quite
790     56     Quite
773     57     Quite
753     56     Quite
750     55     Quite
781     56     Quite
759     55     Quite
784     54     Quite
775     54     Quite
765     54     Quite
754     56     Quite
754     54     Quite
773     56     Quite
761     53     Quite
752     53     Quite
758     57     Quite
787     55     Quite
781     53     Quite
787     54     Quite
757     52     Quite
753     57     Quite
763     55     Quite
773     55     Quite
762     55     Quite
753     54     Quite
754     54     Quite
780     54     Quite
758     55     Quite
780     56     Quite
772     54     Quite
756     57     Quite
762     55     Quite
759     54     Quite
765     52     Quite
784     55     Quite
765     56     Quite
769     56     Quite
743     55     Quite
766     55     Quite
765     52     Quite
759     53     Quite
763     57     Quite
771     52     Quite
770     56     Quite
766     55     Quite
755     54     Quite
772     56     Quite
746     59     Quite
775     55     Quite
746     54     Quite
784     55     Quite
746     51     Quite
767     53     Quite
755     56     Quite
771     58     Quite
775     56     Quite
783     55     Quite
775     55     Quite
773     56     Quite
755     53     Quite
767     56     Quite
765     56     Quite
766     56     Quite
769     55     Quite
754     58     Quite
782     55     Quite
770     56     Quite
751     52     Quite
768     54     Quite
784     57     Quite
762     55     Quite
752     55     Quite
754     55     Quite
765     54     Quite
779     55     Quite
759     55     Quite
761     53     Quite
753     56     Quite
757     53     Quite
770     56     Quite
754     57     Quite
766     55     Quite
762     57     Quite
761     54     Quite
754     54     Quite
761     55     Quite
764     57     Quite
778     55     Quite
765     56     Quite
775     54     Quite
 