Sensor_RAW dB 3_Stage_Level
757     55     Quite
745     54     Quite
752     53     Quite
752     53     Quite
756     55     Quite
755     52     Quite
715     52     Quite
753     52     Quite
755     53     Quite
750     55     Quite
752     54     Quite
763     54     Quite
744     52     Quite
755     53     Quite
752     54     Quite
749     50     Quite
759     55     Quite
749     54     Quite
752     53     Quite
746     53     Quite
754     52     Quite
742     52     Quite
753     56     Quite
752     54     Quite
752     53     Quite
753     54     Quite
758     52     Quite
752     52     Quite
754     55     Quite
752     53     Quite
749     56     Quite
750     52     Quite
755     53     Quite
750     52     Quite
752     55     Quite
759     50     Quite
761     51     Quite
749     54     Quite
753     53     Quite
751     52     Quite
752     54     Quite
757     51     Quite
751     55     Quite
745     53     Quite
747     52     Quite
752     54     Quite
748     54     Quite
758     53     Quite
752     54     Quite
761     52     Quite
752     49     Quite
758     55     Quite
754     55     Quite
754     52     Quite
739     52     Quite
752     51     Quite
755     53     Quite
757     53     Quite
752     52     Quite
755     54     Quite
750     55     Quite
749     53     Quite
752     51     Quite
752     53     Quite
753     54     Quite
754     52     Quite
754     54     Quite
750     53     Quite
757     52     Quite
755     52     Quite
753     54     Quite
750     53     Quite
758     53     Quite
752     54     Quite
752     53     Quite
752     54     Quite
759     54     Quite
759     54     Quite
753     52     Quite
752     53     Quite
754     51     Quite
753     53     Quite
811     52     Quite
795     51     Quite
753     53     Quite
756     55     Quite
763     49     Quite
754     56     Quite
752     52     Quite
753     53     Quite
737     53     Quite
741     55     Quite
761     50     Quite
753     52     Quite
755     51     Quite
752     53     Quite
753     53     Quite
752     53     Quite
768     53     Quite
751     55     Quite
752     51     Quite
755     54     Quite
752     52     Quite
754     53     Quite
755     52     Quite
751     51     Quite
754     53     Quite
752     52     Quite
746     53     Quite
756     53     Quite
752     53     Quite
759     51     Quite
755     54     Quite
752     55     Quite
755     53     Quite
759     51     Quite
752     55     Quite
751     53     Quite
751     53     Quite
754     53     Quite
763     53     Quite
739     52     Quite
755     52     Quite
754     53     Quite
752     55     Quite
743     53     Quite
745     53     Quite
750     54     Quite
757     54     Quite
758     54     Quite
752     53     Quite
745     55     Quite
753     54     Quite
754     54     Quite
746     54     Quite
752     54     Quite
752     54     Quite
754     51     Quite
754     52     Quite
746     52     Quite
749     54     Quite
761     54     Quite
755     52     Quite
750     52     Quite
747     53     Quite
753     52     Quite
758     55     Quite
758     55     Quite
748     53     Quite
746     53     Quite
756     52     Quite
757     53     Quite
754     55     Quite
751     52     Quite
749     54     Quite
752     53     Quite
739     53     Quite
743     53     Quite
756     52     Quite
752     54     Quite
753     52     Quite
763     52     Quite
747     52     Quite
756     51     Quite
733     53     Quite
747     52     Quite
750     53     Quite
766     53     Quite
752     53     Quite
751     52     Quite
752     53     Quite
677     54     Quite
762     55     Quite
758     51     Quite
752     52     Quite
753     52     Quite
753     54     Quite
752     52     Quite
750     52     Quite
748     53     Quite
756     53     Quite
771     54     Quite
751     54     Quite
757     51     Quite
752     53     Quite
751     54     Quite
759     52     Quite
752     52     Quite
751     52     Quite
751     52     Quite
749     52     Quite
753     54     Quite
753     52     Quite
747     53     Quite
753     53     Quite
752     53     Quite
752     54     Quite
751     54     Quite
754     53     Quite
825     52     Quite
753     52     Quite
759     52     Quite
747     53     Quite
752     52     Quite
752     52     Quite
728     55     Quite
763     54     Quite
754     53     Quite
752     54     Quite
759     52     Quite
751     52     Quite
786     53     Quite
746     53     Quite
752     53     Quite
759     50     Quite
750     55     Quite
753     53     Quite
758     51     Quite
747     52     Quite
857     53     Quite
755     54     Quite
753     52     Quite
754     55     Quite
753     53     Quite
750     53     Quite
752     54     Quite
723     53     Quite
747     55     Quite
753     55     Quite
761     54     Quite
790     52     Quite
754     55     Quite
752     53     Quite
690     53     Quite
752     56     Quite
752     52     Quite
745     55     Quite
759     53     Quite
754     56     Quite
752     53     Quite
749     54     Quite
751     53     Quite
754     53     Quite
759     53     Quite
752     53     Quite
747     53     Quite
752     52     Quite
756     54     Quite
710     54     Quite
754     53     Quite
752     54     Quite
752     53     Quite
752     52     Quite
752     53     Quite
758     53     Quite
752     51     Quite
756     52     Quite
751     55     Quite
752     53     Quite
754     54     Quite
750     55     Quite
752     54     Quite
751     52     Quite
751     54     Quite
751     52     Quite
752     53     Quite
752     54     Quite
753     55     Quite
751     53     Quite
752     51     Quite
757     52     Quite
747     55     Quite
740     53     Quite
758     57     Quite
752     54     Quite
753     53     Quite
746     52     Quite
752     54     Quite
752     53     Quite
743     54     Quite
765     53     Quite
749     54     Quite
743     53     Quite
742     54     Quite
750     53     Quite
735     53     Quite
752     53     Quite
747     54     Quite
747     54     Quite
752     52     Quite
752     53     Quite
752     55     Quite
752     51     Quite
749     54     Quite
754     54     Quite
752     54     Quite
757     53     Quite
745     55     Quite
759     53     Quite
752     52     Quite
736     51     Quite
757     54     Quite
745     53     Quite
752     52     Quite
750     54     Quite
752     53     Quite
755     55     Quite
755     55     Quite
751     54     Quite
750     53     Quite
751     52     Quite
750     54     Quite
755     50     Quite
752     51     Quite
750     53     Quite
752     54     Quite
747     51     Quite
746     52     Quite
752     52     Quite
748     52     Quite
752     53     Quite
752     53     Quite
757     53     Quite
753     53     Quite
755     52     Quite
752     56     Quite
749     52     Quite
749     54     Quite
755     53     Quite
752     55     Quite
715     54     Quite
716     55     Quite
656     67     Moderate
752     54     Quite
734     54     Quite
757     53     Quite
767     56     Quite
731     55     Quite
736     53     Quite
755     54     Quite
