Sensor_RAW dB 3_Stage_Level
738     55     Quite
720     54     Quite
758     53     Quite
709     55     Quite
757     56     Quite
750     55     Quite
758     56     Quite
750     53     Quite
772     54     Quite
766     55     Quite
755     55     Quite
763     56     Quite
757     57     Quite
764     52     Quite
742     55     Quite
770     54     Quite
777     55     Quite
763     55     Quite
720     58     Quite
769     56     Quite
762     56     Quite
773     57     Quite
742     57     Quite
789     57     Quite
774     56     Quite
749     54     Quite
738     58     Quite
750     54     Quite
725     56     Quite
751     52     Quite
740     53     Quite
770     55     Quite
763     54     Quite
754     56     Quite
752     53     Quite
675     57     Quite
752     53     Quite
759     57     Quite
752     53     Quite
787     54     Quite
769     55     Quite
692     53     Quite
762     58     Quite
738     56     Quite
755     55     Quite
735     54     Quite
766     58     Quite
771     58     Quite
748     57     Quite
746     54     Quite
714     56     Quite
727     53     Quite
754     55     Quite
742     53     Quite
779     53     Quite
738     54     Quite
746     55     Quite
780     54     Quite
784     55     Quite
737     56     Quite
750     52     Quite
742     56     Quite
752     56     Quite
768     57     Quite
757     53     Quite
765     57     Quite
755     55     Quite
758     55     Quite
753     56     Quite
751     54     Quite
754     54     Quite
794     56     Quite
767     55     Quite
782     58     Quite
757     53     Quite
759     55     Quite
726     56     Quite
735     53     Quite
764     59     Quite
753     55     Quite
743     56     Quite
733     57     Quite
770     56     Quite
752     55     Quite
723     57     Quite
758     57     Quite
758     54     Quite
714     54     Quite
784     57     Quite
715     53     Quite
774     55     Quite
761     53     Quite
775     57     Quite
790     55     Quite
774     56     Quite
735     55     Quite
745     55     Quite
769     56     Quite
765     54     Quite
737     55     Quite
748     56     Quite
741     53     Quite
751     58     Quite
773     58     Quite
733     58     Quite
773     55     Quite
769     55     Quite
768     55     Quite
766     54     Quite
769     56     Quite
743     53     Quite
729     55     Quite
755     54     Quite
739     53     Quite
775     55     Quite
752     57     Quite
752     52     Quite
655     56     Quite
755     55     Quite
786     52     Quite
781     57     Quite
740     54     Quite
752     54     Quite
777     55     Quite
761     56     Quite
745     53     Quite
782     55     Quite
783     52     Quite
726     55     Quite
753     56     Quite
743     58     Quite
754     56     Quite
771     55     Quite
788     56     Quite
738     55     Quite
799     54     Quite
747     57     Quite
753     54     Quite
704     53     Quite
741     57     Quite
736     54     Quite
761     54     Quite
737     57     Quite
749     56     Quite
775     55     Quite
780     57     Quite
752     56     Quite
752     57     Quite
767     54     Quite
765     58     Quite
784     53     Quite
725     55     Quite
774     54     Quite
752     55     Quite
748     54     Quite
721     56     Quite
746     54     Quite
752     57     Quite
777     56     Quite
747     58     Quite
752     57     Quite
756     56     Quite
750     56     Quite
752     56     Quite
750     54     Quite
741     57     Quite
758     55     Quite
793     56     Quite
798     56     Quite
724     55     Quite
761     57     Quite
784     57     Quite
732     55     Quite
722     56     Quite
737     54     Quite
731     55     Quite
750     55     Quite
751     56     Quite
787     57     Quite
769     55     Quite
739     55     Quite
768     53     Quite
757     56     Quite
761     55     Quite
759     56     Quite
752     53     Quite
751     54     Quite
753     57     Quite
751     55     Quite
727     54     Quite
784     55     Quite
737     54     Quite
741     55     Quite
731     57     Quite
756     57     Quite
729     56     Quite
765     57     Quite
750     55     Quite
765     54     Quite
743     56     Quite
726     54     Quite
732     54     Quite
752     53     Quite
754     52     Quite
733     56     Quite
737     56     Quite
753     54     Quite
721     57     Quite
752     54     Quite
741     56     Quite
745     55     Quite
741     56     Quite
740     56     Quite
751     55     Quite
768     57     Quite
753     56     Quite
755     54     Quite
768     53     Quite
745     53     Quite
769     54     Quite
738     53     Quite
741     53     Quite
770     57     Quite
741     53     Quite
739     56     Quite
752     57     Quite
753     52     Quite
751     52     Quite
753     57     Quite
753     57     Quite
748     52     Quite
745     54     Quite
745     57     Quite
752     54     Quite
757     55     Quite
752     55     Quite
755     54     Quite
752     55     Quite
755     56     Quite
755     52     Quite
