Sensor_RAW dB 3_Stage_Level
757     55     Quite
716     53     Quite
753     55     Quite
754     51     Quite
731     54     Quite
752     54     Quite
752     56     Quite
752     53     Quite
750     53     Quite
752     55     Quite
755     53     Quite
756     53     Quite
752     53     Quite
755     53     Quite
753     56     Quite
753     52     Quite
752     55     Quite
753     55     Quite
752     55     Quite
752     56     Quite
758     53     Quite
752     54     Quite
751     53     Quite
740     54     Quite
811     53     Quite
750     54     Quite
753     52     Quite
754     52     Quite
758     56     Quite
752     56     Quite
755     53     Quite
746     55     Quite
753     54     Quite
753     54     Quite
752     53     Quite
752     54     Quite
752     53     Quite
767     54     Quite
752     54     Quite
750     54     Quite
755     52     Quite
752     54     Quite
749     56     Quite
751     55     Quite
763     54     Quite
753     56     Quite
757     55     Quite
753     53     Quite
752     55     Quite
755     55     Quite
752     54     Quite
787     53     Quite
758     55     Quite
752     53     Quite
754     53     Quite
774     55     Quite
752     54     Quite
750     52     Quite
759     53     Quite
752     53     Quite
750     55     Quite
752     54     Quite
752     55     Quite
754     55     Quite
768     56     Quite
754     54     Quite
754     56     Quite
752     55     Quite
755     53     Quite
755     53     Quite
747     54     Quite
754     55     Quite
746     56     Quite
752     54     Quite
751     55     Quite
749     53     Quite
752     56     Quite
753     52     Quite
756     54     Quite
752     55     Quite
752     55     Quite
752     54     Quite
752     54     Quite
749     54     Quite
752     54     Quite
755     57     Quite
761     53     Quite
754     55     Quite
752     54     Quite
739     55     Quite
750     52     Quite
754     53     Quite
755     51     Quite
750     53     Quite
752     51     Quite
795     54     Quite
758     51     Quite
743     51     Quite
751     53     Quite
753     55     Quite
752     53     Quite
755     54     Quite
752     52     Quite
746     53     Quite
757     54     Quite
777     53     Quite
758     56     Quite
761     55     Quite
752     56     Quite
752     54     Quite
741     54     Quite
752     54     Quite
753     55     Quite
752     54     Quite
755     54     Quite
784     56     Quite
751     54     Quite
749     55     Quite
758     55     Quite
757     53     Quite
759     54     Quite
750     52     Quite
758     52     Quite
749     56     Quite
748     53     Quite
742     54     Quite
765     54     Quite
747     52     Quite
758     54     Quite
699     52     Quite
761     56     Quite
739     56     Quite
757     56     Quite
755     53     Quite
754     52     Quite
752     56     Quite
752     54     Quite
713     56     Quite
750     55     Quite
752     55     Quite
752     53     Quite
758     52     Quite
750     54     Quite
746     56     Quite
750     54     Quite
753     54     Quite
755     56     Quite
754     51     Quite
752     53     Quite
704     53     Quite
758     57     Quite
752     53     Quite
755     54     Quite
764     55     Quite
757     55     Quite
753     54     Quite
754     55     Quite
754     53     Quite
750     53     Quite
754     54     Quite
752     54     Quite
753     53     Quite
758     56     Quite
752     53     Quite
752     56     Quite
761     56     Quite
747     54     Quite
754     54     Quite
761     55     Quite
757     54     Quite
754     55     Quite
761     54     Quite
757     55     Quite
746     55     Quite
752     56     Quite
766     54     Quite
754     55     Quite
726     53     Quite
756     52     Quite
758     55     Quite
752     55     Quite
754     54     Quite
756     56     Quite
752     54     Quite
750     53     Quite
753     52     Quite
752     53     Quite
758     55     Quite
752     55     Quite
752     55     Quite
755     51     Quite
755     56     Quite
758     55     Quite
757     55     Quite
757     53     Quite
749     53     Quite
746     52     Quite
752     55     Quite
752     57     Quite
753     54     Quite
745     53     Quite
752     55     Quite
750     53     Quite
749     51     Quite
727     54     Quite
751     52     Quite
758     53     Quite
752     54     Quite
761     50     Quite
761     55     Quite
752     54     Quite
752     53     Quite
736     53     Quite
762     55     Quite
719     52     Quite
730     53     Quite
752     53     Quite
738     56     Quite
713     53     Quite
730     53     Quite
747     54     Quite
793     52     Quite
819     57     Quite
749     52     Quite
759     53     Quite
790     52     Quite
785     53     Quite
822     52     Quite
988     58     Quite
784     53     Quite
743     54     Quite
754     56     Quite
758     53     Quite
752     52     Quite
737     53     Quite
741     54     Quite
746     54     Quite
676     53     Quite
678     52     Quite
693     52     Quite
669     52     Quite
771     56     Quite
768     52     Quite
769     55     Quite
771     55     Quite
769     54     Quite
773     56     Quite
766     56     Quite
762     51     Quite
764     55     Quite
768     54     Quite
769     56     Quite
768     52     Quite
847     55     Quite
784     54     Quite
763     55     Quite
768     51     Quite
774     56     Quite
768     55     Quite
778     55     Quite
777     53     Quite
767     54     Quite
778     54     Quite
780     56     Quite
765     54     Quite
779     56     Quite
779     53     Quite
770     55     Quite
769     55     Quite
773     55     Quite
766     53     Quite
752     55     Quite
777     53     Quite
776     55     Quite
763     55     Quite
784     52     Quite
764     53     Quite
765     55     Quite
772     56     Quite
767     56     Quite
774     53     Quite
781     53     Quite
773     53     Quite
769     55     Quite
770     52     Quite
769     54     Quite
764     54     Quite
770     55     Quite
778     55     Quite
764     55     Quite
766     54     Quite
779     54     Quite
783     54     Quite
766     55     Quite
772     55     Quite
761     53     Quite
763     55     Quite
773     54     Quite
774     52     Quite
775     53     Quite
770     52     Quite
759     54     Quite
755     54     Quite
759     56     Quite
765     55     Quite
763     55     Quite
761     53     Quite
766     53     Quite
771     56     Quite
759     54     Quite
763     54     Quite
753     54     Quite
775     56     Quite
760     56     Quite
754     55     Quite
752     54     Quite
752     56     Quite
762     55     Quite
752     56     Quite
769     55     Quite
754     55     Quite
773     53     Quite
757     55     Quite
769     53     Quite
772     55     Quite
775     55     Quite
