Sensor_RAW dB 3_Stage_Level
722     52     Quite
756     52     Quite
723     53     Quite
746     52     Quite
718     52     Quite
752     54     Quite
752     54     Quite
743     55     Quite
736     53     Quite
749     51     Quite
742     54     Quite
732     53     Quite
752     54     Quite
733     54     Quite
746     52     Quite
723     54     Quite
729     54     Quite
732     54     Quite
742     54     Quite
720     52     Quite
754     56     Quite
735     53     Quite
723     52     Quite
754     53     Quite
739     53     Quite
734     55     Quite
753     52     Quite
748     51     Quite
732     53     Quite
723     50     Quite
732     53     Quite
726     56     Quite
737     53     Quite
755     54     Quite
752     53     Quite
732     53     Quite
745     55     Quite
734     53     Quite
740     54     Quite
748     54     Quite
746     53     Quite
741     54     Quite
746     53     Quite
748     54     Quite
743     54     Quite
725     55     Quite
727     54     Quite
742     54     Quite
739     54     Quite
738     55     Quite
726     53     Quite
721     52     Quite
730     54     Quite
752     51     Quite
739     54     Quite
743     54     Quite
745     52     Quite
727     54     Quite
738     54     Quite
733     53     Quite
720     53     Quite
743     55     Quite
746     54     Quite
730     52     Quite
741     54     Quite
721     51     Quite
739     55     Quite
741     53     Quite
725     56     Quite
748     53     Quite
753     53     Quite
720     53     Quite
725     55     Quite
736     53     Quite
721     51     Quite
720     53     Quite
745     53     Quite
727     54     Quite
749     55     Quite
762     53     Quite
730     54     Quite
737     55     Quite
736     52     Quite
751     52     Quite
733     55     Quite
734     54     Quite
731     53     Quite
737     53     Quite
741     52     Quite
738     54     Quite
720     53     Quite
734     54     Quite
714     54     Quite
727     54     Quite
754     55     Quite
739     54     Quite
745     53     Quite
750     51     Quite
731     53     Quite
742     55     Quite
752     51     Quite
738     54     Quite
732     57     Quite
737     53     Quite
729     51     Quite
752     53     Quite
731     53     Quite
731     54     Quite
735     53     Quite
731     53     Quite
739     52     Quite
736     53     Quite
720     55     Quite
720     52     Quite
718     54     Quite
721     53     Quite
724     55     Quite
738     54     Quite
747     53     Quite
749     52     Quite
735     56     Quite
733     55     Quite
755     54     Quite
747     52     Quite
752     53     Quite
718     55     Quite
724     53     Quite
735     52     Quite
754     53     Quite
749     54     Quite
757     54     Quite
738     54     Quite
746     54     Quite
752     54     Quite
736     55     Quite
739     54     Quite
720     50     Quite
745     53     Quite
735     54     Quite
738     54     Quite
752     53     Quite
746     53     Quite
755     53     Quite
726     55     Quite
726     53     Quite
753     53     Quite
715     54     Quite
752     54     Quite
753     56     Quite
721     54     Quite
719     54     Quite
758     53     Quite
719     52     Quite
721     55     Quite
749     54     Quite
737     54     Quite
720     54     Quite
754     55     Quite
727     52     Quite
749     55     Quite
752     53     Quite
743     53     Quite
729     52     Quite
743     54     Quite
727     54     Quite
746     55     Quite
747     55     Quite
734     53     Quite
739     54     Quite
742     53     Quite
721     54     Quite
761     53     Quite
725     54     Quite
753     53     Quite
736     52     Quite
699     54     Quite
724     53     Quite
723     53     Quite
749     53     Quite
742     53     Quite
747     53     Quite
740     53     Quite
725     54     Quite
721     55     Quite
739     54     Quite
749     53     Quite
731     52     Quite
753     54     Quite
720     55     Quite
729     55     Quite
755     53     Quite
725     53     Quite
734     55     Quite
737     56     Quite
731     55     Quite
731     54     Quite
749     52     Quite
720     54     Quite
734     52     Quite
753     52     Quite
734     53     Quite
747     52     Quite
735     54     Quite
721     53     Quite
723     53     Quite
754     52     Quite
732     54     Quite
751     54     Quite
754     55     Quite
739     55     Quite
752     53     Quite
736     53     Quite
732     54     Quite
746     53     Quite
738     54     Quite
751     54     Quite
745     55     Quite
745     54     Quite
749     53     Quite
737     53     Quite
729     55     Quite
743     52     Quite
749     51     Quite
747     53     Quite
750     56     Quite
750     55     Quite
734     53     Quite
746     53     Quite
732     54     Quite
741     54     Quite
754     51     Quite
733     53     Quite
755     53     Quite
727     55     Quite
750     54     Quite
753     53     Quite
717     55     Quite
746     55     Quite
761     52     Quite
735     53     Quite
751     56     Quite
742     54     Quite
781     53     Quite
757     55     Quite
739     53     Quite
734     54     Quite
724     51     Quite
752     52     Quite
759     55     Quite
747     53     Quite
742     53     Quite
757     54     Quite
752     54     Quite
752     53     Quite
725     53     Quite
752     53     Quite
732     53     Quite
752     54     Quite
737     53     Quite
735     53     Quite
729     53     Quite
762     52     Quite
749     53     Quite
742     52     Quite
717     51     Quite
734     54     Quite
752     54     Quite
752     53     Quite
736     53     Quite
726     53     Quite
754     54     Quite
735     53     Quite
735     54     Quite
731     54     Quite
740     55     Quite
730     55     Quite
720     54     Quite
735     55     Quite
753     51     Quite
757     54     Quite
751     54     Quite
734     53     Quite
753     53     Quite
752     53     Quite
727     53     Quite
752     52     Quite
746     51     Quite
732     54     Quite
743     55     Quite
745     53     Quite
751     54     Quite
731     53     Quite
738     55     Quite
751     54     Quite
739     52     Quite
721     53     Quite
733     54     Quite
736     52     Quite
741     53     Quite
727     52     Quite
736     56     Quite
727     54     Quite
743     54     Quite
752     53     Quite
745     53     Quite
727     54     Quite
729     53     Quite
742     54     Quite
745     54     Quite
729     55     Quite
747     53     Quite
737     53     Quite
730     52     Quite
750     52     Quite
739     53     Quite
749     53     Quite
720     54     Quite
726     54     Quite
736     54     Quite
738     53     Quite
741     53     Quite
755     52     Quite
722     55     Quite
737     53     Quite
751     53     Quite
759     54     Quite
758     55     Quite
752     55     Quite
698     55     Quite
708     56     Quite
724     56     Quite
716     54     Quite
735     55     Quite
730     53     Quite
720     53     Quite
720     55     Quite
719     54     Quite
