Sensor_RAW dB 3_Stage_Level
754     55     Quite
750     53     Quite
747     53     Quite
746     53     Quite
747     56     Quite
759     54     Quite
653     56     Quite
755     56     Quite
749     55     Quite
749     55     Quite
752     56     Quite
779     54     Quite
739     55     Quite
752     56     Quite
753     56     Quite
749     56     Quite
752     56     Quite
753     55     Quite
748     57     Quite
816     54     Quite
750     56     Quite
754     55     Quite
747     55     Quite
751     57     Quite
750     57     Quite
752     57     Quite
755     51     Quite
751     57     Quite
755     57     Quite
750     58     Quite
751     54     Quite
752     53     Quite
752     56     Quite
750     58     Quite
750     56     Quite
743     59     Quite
752     56     Quite
750     55     Quite
751     58     Quite
750     57     Quite
790     57     Quite
747     55     Quite
752     57     Quite
747     57     Quite
749     56     Quite
750     55     Quite
749     55     Quite
749     54     Quite
752     55     Quite
752     56     Quite
750     55     Quite
749     56     Quite
749     54     Quite
749     55     Quite
746     57     Quite
751     57     Quite
752     58     Quite
751     57     Quite
739     57     Quite
750     55     Quite
752     55     Quite
750     57     Quite
747     57     Quite
749     56     Quite
751     58     Quite
752     57     Quite
747     58     Quite
731     56     Quite
751     56     Quite
742     57     Quite
747     58     Quite
749     56     Quite
752     56     Quite
750     57     Quite
750     56     Quite
749     57     Quite
739     57     Quite
749     57     Quite
752     57     Quite
745     53     Quite
750     57     Quite
752     56     Quite
750     57     Quite
752     52     Quite
752     57     Quite
752     57     Quite
745     58     Quite
752     55     Quite
747     57     Quite
749     57     Quite
752     54     Quite
745     57     Quite
752     55     Quite
746     54     Quite
747     57     Quite
750     56     Quite
751     57     Quite
752     55     Quite
751     57     Quite
747     57     Quite
754     56     Quite
809     56     Quite
748     52     Quite
749     57     Quite
752     56     Quite
749     54     Quite
743     55     Quite
752     56     Quite
709     58     Quite
748     58     Quite
750     58     Quite
752     57     Quite
746     57     Quite
699     54     Quite
747     52     Quite
752     57     Quite
750     58     Quite
746     56     Quite
752     58     Quite
759     56     Quite
735     58     Quite
682     57     Quite
727     57     Quite
720     53     Quite
766     54     Quite
719     52     Quite
739     57     Quite
711     59     Quite
723     58     Quite
750     56     Quite
753     58     Quite
749     60     Quite
703     58     Quite
656     62     Moderate
689     66     Moderate
759     55     Quite
746     56     Quite
752     54     Quite
749     57     Quite
752     59     Quite
748     58     Quite
747     58     Quite
743     58     Quite
741     56     Quite
750     55     Quite
742     58     Quite
750     57     Quite
749     56     Quite
746     57     Quite
747     55     Quite
748     55     Quite
750     56     Quite
752     56     Quite
747     60     Quite
741     58     Quite
746     58     Quite
748     53     Quite
751     59     Quite
746     55     Quite
749     56     Quite
748     52     Quite
745     59     Quite
652     56     Quite
756     57     Quite
747     58     Quite
747     57     Quite
752     55     Quite
743     57     Quite
749     57     Quite
743     58     Quite
747     56     Quite
747     55     Quite
748     57     Quite
747     57     Quite
749     57     Quite
752     56     Quite
751     58     Quite
753     57     Quite
738     57     Quite
752     57     Quite
750     56     Quite
749     55     Quite
751     56     Quite
750     55     Quite
750     57     Quite
742     54     Quite
764     56     Quite
751     58     Quite
747     58     Quite
750     54     Quite
752     57     Quite
747     57     Quite
749     55     Quite
752     56     Quite
752     56     Quite
749     56     Quite
751     55     Quite
752     56     Quite
742     53     Quite
751     56     Quite
752     56     Quite
739     54     Quite
750     55     Quite
753     56     Quite
750     56     Quite
738     57     Quite
748     56     Quite
746     58     Quite
741     54     Quite
752     53     Quite
747     58     Quite
755     54     Quite
752     57     Quite
747     56     Quite
751     54     Quite
752     57     Quite
741     56     Quite
749     57     Quite
748     58     Quite
752     55     Quite
752     57     Quite
751     53     Quite
748     54     Quite
751     57     Quite
740     55     Quite
751     55     Quite
751     56     Quite
749     56     Quite
750     55     Quite
750     51     Quite
752     54     Quite
742     54     Quite
751     56     Quite
747     56     Quite
748     56     Quite
741     55     Quite
750     57     Quite
750     55     Quite
747     57     Quite
742     55     Quite
755     57     Quite
751     53     Quite
748     58     Quite
749     56     Quite
738     57     Quite
752     56     Quite
755     58     Quite
751     54     Quite
749     57     Quite
747     56     Quite
752     58     Quite
759     57     Quite
752     58     Quite
751     57     Quite
754     56     Quite
752     56     Quite
752     55     Quite
748     56     Quite
749     54     Quite
719     55     Quite
751     55     Quite
773     58     Quite
746     58     Quite
745     56     Quite
749     55     Quite
746     54     Quite
752     58     Quite
752     56     Quite
752     57     Quite
753     56     Quite
752     58     Quite
750     59     Quite
752     58     Quite
752     57     Quite
751     58     Quite
749     57     Quite
752     57     Quite
750     57     Quite
754     57     Quite
752     58     Quite
752     58     Quite
752     55     Quite
754     56     Quite
751     54     Quite
751     54     Quite
751     56     Quite
773     55     Quite
749     55     Quite
752     57     Quite
751     57     Quite
752     56     Quite
752     53     Quite
750     55     Quite
748     56     Quite
732     55     Quite
784     54     Quite
751     58     Quite
739     57     Quite
752     58     Quite
755     54     Quite
752     53     Quite
749     57     Quite
752     57     Quite
745     54     Quite
749     57     Quite
760     55     Quite
752     57     Quite
752     55     Quite
743     53     Quite
746     57     Quite
752     57     Quite
753     56     Quite
745     57     Quite
747     57     Quite
748     56     Quite
749     54     Quite
749     55     Quite
663     58     Quite
