Sensor_RAW dB 3_Stage_Level
757     52     Quite
761     54     Quite
763     56     Quite
762     55     Quite
752     56     Quite
769     57     Quite
759     54     Quite
763     55     Quite
767     56     Quite
768     54     Quite
757     57     Quite
754     54     Quite
762     53     Quite
765     53     Quite
770     52     Quite
759     56     Quite
763     52     Quite
761     58     Quite
768     56     Quite
759     54     Quite
751     57     Quite
762     56     Quite
753     56     Quite
768     53     Quite
764     53     Quite
767     57     Quite
767     55     Quite
773     54     Quite
758     54     Quite
793     56     Quite
769     58     Quite
762     56     Quite
763     54     Quite
758     55     Quite
771     56     Quite
759     55     Quite
763     54     Quite
758     55     Quite
758     57     Quite
754     56     Quite
762     54     Quite
768     55     Quite
766     55     Quite
754     57     Quite
766     56     Quite
769     56     Quite
756     55     Quite
754     56     Quite
755     53     Quite
752     54     Quite
761     55     Quite
768     57     Quite
765     53     Quite
767     56     Quite
756     57     Quite
766     56     Quite
765     55     Quite
769     54     Quite
755     56     Quite
763     56     Quite
765     56     Quite
767     55     Quite
758     58     Quite
755     57     Quite
759     53     Quite
765     55     Quite
762     55     Quite
758     56     Quite
758     54     Quite
763     56     Quite
767     57     Quite
765     53     Quite
757     57     Quite
765     54     Quite
766     54     Quite
758     55     Quite
752     55     Quite
759     54     Quite
763     58     Quite
759     54     Quite
761     54     Quite
763     54     Quite
767     51     Quite
763     57     Quite
754     55     Quite
761     51     Quite
766     56     Quite
765     54     Quite
763     53     Quite
769     54     Quite
769     55     Quite
759     55     Quite
752     54     Quite
775     56     Quite
761     57     Quite
763     53     Quite
763     56     Quite
758     53     Quite
759     56     Quite
771     56     Quite
755     53     Quite
757     53     Quite
759     55     Quite
762     51     Quite
763     55     Quite
759     55     Quite
768     54     Quite
766     55     Quite
755     58     Quite
766     56     Quite
767     56     Quite
766     56     Quite
759     53     Quite
763     55     Quite
762     55     Quite
764     55     Quite
768     55     Quite
758     55     Quite
765     58     Quite
758     57     Quite
765     56     Quite
763     55     Quite
768     54     Quite
766     56     Quite
766     55     Quite
755     55     Quite
764     56     Quite
759     56     Quite
760     56     Quite
757     54     Quite
758     54     Quite
762     53     Quite
762     55     Quite
764     57     Quite
762     56     Quite
763     56     Quite
770     57     Quite
759     58     Quite
770     56     Quite
756     53     Quite
765     55     Quite
763     55     Quite
758     52     Quite
759     56     Quite
766     55     Quite
758     57     Quite
761     56     Quite
767     56     Quite
746     54     Quite
763     56     Quite
750     55     Quite
752     56     Quite
754     56     Quite
761     52     Quite
765     54     Quite
759     52     Quite
737     54     Quite
759     54     Quite
764     54     Quite
768     53     Quite
759     55     Quite
765     55     Quite
762     56     Quite
777     55     Quite
765     54     Quite
760     56     Quite
757     51     Quite
759     56     Quite
768     54     Quite
759     51     Quite
767     57     Quite
765     55     Quite
763     56     Quite
767     54     Quite
765     54     Quite
762     56     Quite
768     56     Quite
767     54     Quite
766     52     Quite
763     54     Quite
759     56     Quite
764     56     Quite
763     54     Quite
781     53     Quite
761     57     Quite
765     56     Quite
767     57     Quite
763     55     Quite
755     53     Quite
771     56     Quite
757     57     Quite
763     56     Quite
763     55     Quite
765     51     Quite
763     53     Quite
757     53     Quite
762     55     Quite
758     52     Quite
759     55     Quite
763     55     Quite
768     55     Quite
766     55     Quite
762     53     Quite
766     55     Quite
766     55     Quite
767     56     Quite
755     53     Quite
761     50     Quite
762     57     Quite
770     55     Quite
764     56     Quite
775     55     Quite
767     55     Quite
692     56     Quite
763     55     Quite
763     55     Quite
762     52     Quite
763     57     Quite
763     55     Quite
783     55     Quite
761     56     Quite
762     55     Quite
759     56     Quite
764     57     Quite
762     56     Quite
757     55     Quite
766     56     Quite
764     56     Quite
760     56     Quite
762     53     Quite
761     56     Quite
761     55     Quite
802     56     Quite
767     56     Quite
762     54     Quite
816     53     Quite
758     53     Quite
760     54     Quite
762     55     Quite
758     54     Quite
762     53     Quite
758     54     Quite
762     51     Quite
763     56     Quite
759     55     Quite
767     54     Quite
771     52     Quite
758     56     Quite
756     53     Quite
763     56     Quite
