Sensor_RAW dB 3_Stage_Level
763     55     Quite
765     52     Quite
766     56     Quite
765     55     Quite
753     52     Quite
770     53     Quite
757     54     Quite
752     55     Quite
765     55     Quite
768     56     Quite
756     57     Quite
769     54     Quite
758     55     Quite
759     54     Quite
749     55     Quite
752     54     Quite
769     55     Quite
768     54     Quite
752     53     Quite
764     55     Quite
769     53     Quite
759     54     Quite
768     56     Quite
759     55     Quite
751     54     Quite
762     55     Quite
765     53     Quite
758     52     Quite
757     55     Quite
759     54     Quite
752     55     Quite
759     57     Quite
770     55     Quite
757     51     Quite
763     53     Quite
771     57     Quite
753     58     Quite
766     55     Quite
754     56     Quite
771     56     Quite
766     55     Quite
755     55     Quite
770     53     Quite
754     54     Quite
755     51     Quite
755     57     Quite
762     54     Quite
784     56     Quite
770     54     Quite
746     53     Quite
763     54     Quite
774     53     Quite
738     52     Quite
766     53     Quite
773     54     Quite
752     56     Quite
758     53     Quite
765     55     Quite
745     55     Quite
777     58     Quite
765     55     Quite
742     55     Quite
784     54     Quite
756     54     Quite
755     57     Quite
774     53     Quite
761     56     Quite
763     54     Quite
759     55     Quite
752     53     Quite
766     52     Quite
768     52     Quite
757     55     Quite
752     56     Quite
770     54     Quite
656     52     Quite
774     53     Quite
758     56     Quite
757     54     Quite
769     54     Quite
756     54     Quite
750     54     Quite
772     54     Quite
772     56     Quite
758     57     Quite
768     54     Quite
751     55     Quite
775     52     Quite
751     54     Quite
759     55     Quite
774     51     Quite
753     52     Quite
757     55     Quite
779     52     Quite
747     54     Quite
756     51     Quite
785     54     Quite
843     55     Quite
758     56     Quite
776     55     Quite
737     57     Quite
749     55     Quite
768     56     Quite
753     54     Quite
748     57     Quite
784     54     Quite
752     54     Quite
759     53     Quite
769     54     Quite
758     56     Quite
752     54     Quite
778     54     Quite
764     53     Quite
751     57     Quite
761     55     Quite
765     55     Quite
755     57     Quite
766     53     Quite
762     56     Quite
757     53     Quite
757     55     Quite
765     55     Quite
767     56     Quite
752     55     Quite
759     56     Quite
768     55     Quite
759     55     Quite
752     55     Quite
750     55     Quite
764     54     Quite
759     55     Quite
746     53     Quite
745     54     Quite
770     55     Quite
771     57     Quite
752     56     Quite
827     54     Quite
780     52     Quite
771     55     Quite
754     57     Quite
752     54     Quite
767     56     Quite
761     54     Quite
736     55     Quite
752     53     Quite
770     56     Quite
765     56     Quite
752     56     Quite
752     57     Quite
766     54     Quite
758     53     Quite
753     52     Quite
752     56     Quite
769     53     Quite
758     55     Quite
745     53     Quite
754     54     Quite
762     57     Quite
768     55     Quite
750     56     Quite
752     56     Quite
769     57     Quite
768     54     Quite
752     53     Quite
767     53     Quite
768     55     Quite
763     55     Quite
746     52     Quite
753     56     Quite
767     54     Quite
752     56     Quite
757     55     Quite
762     55     Quite
753     54     Quite
749     54     Quite
759     58     Quite
767     55     Quite
755     56     Quite
756     56     Quite
765     54     Quite
767     56     Quite
750     54     Quite
757     55     Quite
768     56     Quite
757     56     Quite
751     54     Quite
763     53     Quite
771     52     Quite
753     51     Quite
752     54     Quite
770     55     Quite
766     51     Quite
762     55     Quite
757     55     Quite
770     56     Quite
761     54     Quite
757     56     Quite
768     55     Quite
769     52     Quite
754     57     Quite
750     56     Quite
738     55     Quite
768     55     Quite
749     53     Quite
752     53     Quite
770     54     Quite
757     54     Quite
752     51     Quite
773     57     Quite
758     50     Quite
748     55     Quite
767     56     Quite
751     55     Quite
752     55     Quite
764     54     Quite
759     55     Quite
749     56     Quite
762     54     Quite
765     54     Quite
761     56     Quite
780     54     Quite
766     56     Quite
752     56     Quite
753     53     Quite
768     56     Quite
768     55     Quite
766     53     Quite
743     55     Quite
759     55     Quite
781     57     Quite
761     55     Quite
