Sensor_RAW dB 3_Stage_Level
735     52     Quite
723     54     Quite
743     54     Quite
749     54     Quite
741     55     Quite
748     52     Quite
762     55     Quite
751     55     Quite
752     53     Quite
743     51     Quite
749     56     Quite
737     52     Quite
749     53     Quite
749     56     Quite
752     54     Quite
752     53     Quite
751     57     Quite
763     54     Quite
747     54     Quite
763     54     Quite
751     55     Quite
749     56     Quite
737     55     Quite
768     51     Quite
756     53     Quite
748     53     Quite
758     55     Quite
752     55     Quite
752     55     Quite
762     56     Quite
726     55     Quite
743     52     Quite
750     55     Quite
753     55     Quite
752     53     Quite
750     56     Quite
761     52     Quite
777     50     Quite
761     53     Quite
750     54     Quite
768     57     Quite
742     52     Quite
757     54     Quite
743     54     Quite
748     55     Quite
755     54     Quite
745     55     Quite
762     54     Quite
752     55     Quite
746     55     Quite
750     55     Quite
754     50     Quite
752     55     Quite
749     55     Quite
752     56     Quite
773     56     Quite
752     54     Quite
750     54     Quite
747     53     Quite
723     53     Quite
758     54     Quite
749     55     Quite
758     53     Quite
758     54     Quite
749     53     Quite
753     55     Quite
763     54     Quite
757     53     Quite
735     54     Quite
719     55     Quite
763     54     Quite
752     54     Quite
735     53     Quite
727     53     Quite
746     55     Quite
784     55     Quite
766     53     Quite
770     53     Quite
749     54     Quite
752     55     Quite
752     53     Quite
763     54     Quite
763     54     Quite
752     54     Quite
752     55     Quite
745     56     Quite
751     54     Quite
753     54     Quite
751     55     Quite
756     52     Quite
752     53     Quite
761     56     Quite
750     54     Quite
736     54     Quite
735     55     Quite
757     54     Quite
754     52     Quite
756     55     Quite
758     55     Quite
754     55     Quite
755     54     Quite
769     52     Quite
754     55     Quite
819     55     Quite
751     56     Quite
751     56     Quite
752     55     Quite
762     53     Quite
753     52     Quite
753     53     Quite
752     54     Quite
761     54     Quite
730     53     Quite
775     53     Quite
745     53     Quite
756     54     Quite
752     53     Quite
745     54     Quite
754     53     Quite
763     54     Quite
759     56     Quite
752     55     Quite
751     53     Quite
759     55     Quite
759     54     Quite
757     52     Quite
747     53     Quite
763     52     Quite
754     56     Quite
743     53     Quite
742     53     Quite
763     53     Quite
755     56     Quite
753     54     Quite
726     56     Quite
741     55     Quite
770     55     Quite
743     53     Quite
733     54     Quite
752     54     Quite
758     53     Quite
730     53     Quite
762     52     Quite
749     54     Quite
742     56     Quite
757     53     Quite
749     52     Quite
752     54     Quite
751     55     Quite
751     53     Quite
751     54     Quite
733     53     Quite
752     54     Quite
752     53     Quite
758     56     Quite
758     55     Quite
747     53     Quite
757     54     Quite
770     55     Quite
759     53     Quite
739     53     Quite
764     51     Quite
752     54     Quite
787     55     Quite
745     51     Quite
752     56     Quite
755     55     Quite
747     56     Quite
753     54     Quite
747     55     Quite
747     56     Quite
748     53     Quite
761     52     Quite
745     53     Quite
752     53     Quite
729     52     Quite
754     56     Quite
775     55     Quite
745     54     Quite
752     53     Quite
759     54     Quite
763     53     Quite
739     56     Quite
753     54     Quite
743     54     Quite
745     55     Quite
746     54     Quite
750     55     Quite
752     53     Quite
736     53     Quite
746     52     Quite
747     53     Quite
747     57     Quite
740     54     Quite
737     55     Quite
738     54     Quite
739     53     Quite
754     55     Quite
752     53     Quite
738     56     Quite
767     55     Quite
737     55     Quite
753     53     Quite
739     50     Quite
739     56     Quite
751     54     Quite
743     53     Quite
743     54     Quite
733     52     Quite
755     54     Quite
739     52     Quite
751     55     Quite
752     55     Quite
759     55     Quite
745     54     Quite
752     55     Quite
769     53     Quite
752     51     Quite
761     55     Quite
846     53     Quite
757     53     Quite
750     55     Quite
757     51     Quite
743     56     Quite
759     54     Quite
769     54     Quite
752     53     Quite
737     54     Quite
771     53     Quite
739     54     Quite
767     54     Quite
759     56     Quite
752     53     Quite
769     54     Quite
739     52     Quite
758     55     Quite
752     54     Quite
747     53     Quite
759     55     Quite
765     52     Quite
756     54     Quite
766     52     Quite
752     54     Quite
736     55     Quite
740     55     Quite
767     53     Quite
752     53     Quite
784     52     Quite
732     54     Quite
751     53     Quite
747     53     Quite
746     54     Quite
759     55     Quite
761     55     Quite
752     53     Quite
751     55     Quite
751     52     Quite
763     54     Quite
704     53     Quite
747     54     Quite
752     53     Quite
736     54     Quite
754     53     Quite
755     56     Quite
752     53     Quite
749     56     Quite
751     54     Quite
752     52     Quite
755     56     Quite
756     53     Quite
757     55     Quite
743     56     Quite
735     54     Quite
752     57     Quite
741     54     Quite
743     53     Quite
752     54     Quite
746     54     Quite
743     56     Quite
754     55     Quite
737     54     Quite
747     55     Quite
763     54     Quite
752     54     Quite
768     55     Quite
758     54     Quite
749     54     Quite
751     54     Quite
751     54     Quite
755     54     Quite
752     55     Quite
767     52     Quite
752     55     Quite
773     53     Quite
753     53     Quite
751     53     Quite
770     56     Quite
759     55     Quite
752     51     Quite
784     55     Quite
739     53     Quite
752     55     Quite
751     53     Quite
741     55     Quite
743     53     Quite
751     53     Quite
741     55     Quite
752     55     Quite
752     53     Quite
753     53     Quite
746     53     Quite
741     53     Quite
763     53     Quite
740     55     Quite
742     54     Quite
752     55     Quite
752     55     Quite
747     54     Quite
739     53     Quite
748     54     Quite
743     53     Quite
751     55     Quite
748     55     Quite
749     53     Quite
747     51     Quite
749     54     Quite
754     55     Quite
754     53     Quite
752     52     Quite
754     55     Quite
753     54     Quite
752     52     Quite
747     54     Quite
783     53     Quite
746     51     Quite
743     55     Quite
753     54     Quite
749     54     Quite
752     56     Quite
752     54     Quite
743     54     Quite
747     53     Quite
745     54     Quite
749     55     Quite
757     55     Quite
752     56     Quite
757     56     Quite
749     55     Quite
752     55     Quite
750     53     Quite
736     52     Quite
762     57     Quite
745     54     Quite
755     54     Quite
790     55     Quite
