Sensor_RAW dB 3_Stage_Level
720     56     Quite
764     57     Quite
751     55     Quite
752     54     Quite
737     56     Quite
753     56     Quite
763     55     Quite
781     53     Quite
742     56     Quite
752     54     Quite
773     58     Quite
763     58     Quite
737     57     Quite
774     56     Quite
752     57     Quite
775     59     Quite
753     55     Quite
752     57     Quite
759     57     Quite
769     57     Quite
758     56     Quite
782     57     Quite
778     55     Quite
738     55     Quite
763     54     Quite
778     57     Quite
761     55     Quite
793     55     Quite
777     54     Quite
746     55     Quite
753     53     Quite
757     54     Quite
801     58     Quite
742     57     Quite
735     57     Quite
767     58     Quite
763     57     Quite
795     54     Quite
757     57     Quite
758     56     Quite
749     54     Quite
757     55     Quite
749     58     Quite
758     56     Quite
754     55     Quite
736     54     Quite
697     54     Quite
755     55     Quite
745     55     Quite
752     56     Quite
755     57     Quite
755     55     Quite
765     55     Quite
773     56     Quite
730     55     Quite
740     55     Quite
774     56     Quite
746     55     Quite
755     55     Quite
770     53     Quite
750     56     Quite
753     54     Quite
755     56     Quite
754     56     Quite
752     55     Quite
761     58     Quite
736     57     Quite
739     54     Quite
758     55     Quite
747     55     Quite
737     57     Quite
755     56     Quite
763     54     Quite
763     53     Quite
765     57     Quite
750     55     Quite
736     58     Quite
785     55     Quite
739     55     Quite
760     52     Quite
759     55     Quite
774     56     Quite
736     55     Quite
765     56     Quite
733     56     Quite
758     58     Quite
720     54     Quite
755     56     Quite
757     55     Quite
755     52     Quite
752     58     Quite
752     56     Quite
766     54     Quite
761     56     Quite
743     58     Quite
773     57     Quite
752     56     Quite
720     55     Quite
746     54     Quite
743     55     Quite
767     56     Quite
741     56     Quite
738     55     Quite
753     53     Quite
752     56     Quite
758     55     Quite
790     57     Quite
735     56     Quite
752     53     Quite
753     56     Quite
779     56     Quite
726     54     Quite
737     59     Quite
766     58     Quite
733     57     Quite
785     58     Quite
766     55     Quite
737     58     Quite
762     57     Quite
752     55     Quite
758     57     Quite
783     54     Quite
758     54     Quite
778     53     Quite
751     57     Quite
752     55     Quite
777     55     Quite
783     52     Quite
730     57     Quite
748     56     Quite
752     55     Quite
738     54     Quite
764     55     Quite
748     57     Quite
731     56     Quite
757     55     Quite
754     55     Quite
752     53     Quite
749     57     Quite
749     56     Quite
752     53     Quite
726     54     Quite
736     57     Quite
732     55     Quite
739     57     Quite
742     54     Quite
732     56     Quite
745     56     Quite
752     58     Quite
747     58     Quite
731     55     Quite
767     56     Quite
733     54     Quite
735     58     Quite
737     55     Quite
770     55     Quite
767     56     Quite
757     53     Quite
751     58     Quite
753     55     Quite
751     54     Quite
764     55     Quite
729     57     Quite
767     58     Quite
762     53     Quite
768     55     Quite
766     57     Quite
759     53     Quite
733     56     Quite
762     56     Quite
752     54     Quite
755     53     Quite
739     54     Quite
748     59     Quite
729     54     Quite
744     54     Quite
764     56     Quite
775     54     Quite
737     55     Quite
769     54     Quite
737     53     Quite
737     55     Quite
764     55     Quite
757     55     Quite
752     52     Quite
754     56     Quite
767     58     Quite
761     55     Quite
752     54     Quite
739     55     Quite
754     55     Quite
747     54     Quite
738     56     Quite
765     56     Quite
762     54     Quite
752     57     Quite
746     56     Quite
746     56     Quite
751     56     Quite
739     57     Quite
758     56     Quite
754     51     Quite
767     55     Quite
763     58     Quite
769     57     Quite
743     57     Quite
731     56     Quite
747     55     Quite
752     56     Quite
742     54     Quite
753     57     Quite
762     54     Quite
762     54     Quite
761     55     Quite
759     58     Quite
748     57     Quite
752     56     Quite
747     57     Quite
762     56     Quite
751     54     Quite
757     56     Quite
751     55     Quite
752     59     Quite
752     56     Quite
779     55     Quite
752     57     Quite
750     52     Quite
752     54     Quite
770     54     Quite
733     54     Quite
755     57     Quite
753     58     Quite
761     56     Quite
768     55     Quite
775     54     Quite
781     54     Quite
755     55     Quite
749     52     Quite
763     56     Quite
765     56     Quite
771     53     Quite
750     53     Quite
746     56     Quite
737     55     Quite
765     53     Quite
768     55     Quite
734     54     Quite
753     54     Quite
774     51     Quite
759     58     Quite
748     55     Quite
739     54     Quite
743     58     Quite
751     54     Quite
753     54     Quite
767     57     Quite
754     57     Quite
762     54     Quite
752     56     Quite
773     58     Quite
764     55     Quite
763     54     Quite
739     54     Quite
764     57     Quite
758     57     Quite
769     56     Quite
763     56     Quite
758     54     Quite
757     53     Quite
758     54     Quite
731     51     Quite
757     52     Quite
740     55     Quite
758     54     Quite
743     55     Quite
746     53     Quite
738     56     Quite
748     57     Quite
764     56     Quite
755     51     Quite
768     54     Quite
751     52     Quite
723     55     Quite
725     54     Quite
762     57     Quite
768     58     Quite
752     54     Quite
770     55     Quite
774     58     Quite
767     59     Quite
764     54     Quite
752     56     Quite
743     56     Quite
773     54     Quite
745     57     Quite
755     56     Quite
752     57     Quite
768     55     Quite
784     56     Quite
768     57     Quite
751     56     Quite
727     57     Quite
758     53     Quite
719     54     Quite
735     53     Quite
752     58     Quite
742     55     Quite
751     53     Quite
743     55     Quite
752     54     Quite
775     55     Quite
768     54     Quite
754     54     Quite
754     55     Quite
750     56     Quite
753     55     Quite
733     52     Quite
758     54     Quite
765     52     Quite
748     56     Quite
757     55     Quite
745     55     Quite
747     52     Quite
768     54     Quite
751     57     Quite
752     58     Quite
752     57     Quite
753     58     Quite
753     56     Quite
752     55     Quite
768     54     Quite
729     55     Quite
754     54     Quite
733     56     Quite
767     55     Quite
753     56     Quite
749     57     Quite
758     55     Quite
754     58     Quite
746     56     Quite
745     58     Quite
769     53     Quite
755     55     Quite
762     56     Quite
725     52     Quite
768     57     Quite
751     57     Quite
762     53     Quite
673     55     Quite
731     56     Quite
745     53     Quite
770     57     Quite
764     55     Quite
750     56     Quite
734     54     Quite
757     56     Quite
796     56     Quite
758     56     Quite
753     54     Quite
738     56     Quite
746     56     Quite
746     57     Quite
738     56     Quite
757     56     Quite
758     57     Quite
752     54     Quite
765     58     Quite
765     56     Quite
846     54     Quite
769     58     Quite
739     54     Quite
750     56     Quite
737     57     Quite
753     55     Quite
752     55     Quite
759     55     Quite
769     58     Quite
772     54     Quite
756     53     Quite
779     58     Quite
739     57     Quite
726     59     Quite
770     55     Quite
795     58     Quite
743     55     Quite
759     55     Quite
752     53     Quite
767     58     Quite
720     56     Quite
748     55     Quite
781     54     Quite
747     55     Quite
737     56     Quite
758     55     Quite
751     54     Quite
781     54     Quite
742     57     Quite
752     55     Quite
752     55     Quite
757     53     Quite
742     53     Quite
740     57     Quite
715     56     Quite
754     52     Quite
738     57     Quite
750     56     Quite
759     56     Quite
730     58     Quite
752     53     Quite
736     55     Quite
763     54     Quite
776     55     Quite
736     54     Quite
757     55     Quite
767     52     Quite
765     55     Quite
767     55     Quite
708     54     Quite
737     54     Quite
768     53     Quite
752     54     Quite
755     56     Quite
752     55     Quite
766     57     Quite
769     56     Quite
747     55     Quite
758     54     Quite
