Sensor_RAW dB 3_Stage_Level
765     57     Quite
752     56     Quite
749     56     Quite
757     57     Quite
752     56     Quite
731     55     Quite
798     53     Quite
743     55     Quite
783     57     Quite
752     57     Quite
784     56     Quite
715     57     Quite
847     58     Quite
768     55     Quite
719     56     Quite
715     59     Quite
754     59     Quite
752     57     Quite
720     59     Quite
762     55     Quite
763     56     Quite
766     56     Quite
737     57     Quite
752     59     Quite
743     56     Quite
752     56     Quite
796     55     Quite
757     54     Quite
740     56     Quite
787     55     Quite
760     57     Quite
784     57     Quite
731     59     Quite
750     60     Quite
753     57     Quite
771     54     Quite
784     56     Quite
755     53     Quite
767     54     Quite
741     58     Quite
763     59     Quite
757     53     Quite
801     55     Quite
765     57     Quite
755     57     Quite
704     59     Quite
659     57     Quite
718     58     Quite
797     57     Quite
736     55     Quite
743     56     Quite
752     55     Quite
748     55     Quite
747     58     Quite
719     58     Quite
734     59     Quite
777     56     Quite
720     54     Quite
742     56     Quite
799     58     Quite
759     56     Quite
752     56     Quite
715     54     Quite
731     55     Quite
746     56     Quite
790     57     Quite
794     57     Quite
799     56     Quite
726     57     Quite
720     58     Quite
739     57     Quite
794     57     Quite
778     56     Quite
738     55     Quite
760     55     Quite
775     56     Quite
768     57     Quite
755     56     Quite
746     58     Quite
796     58     Quite
751     55     Quite
735     59     Quite
714     57     Quite
763     57     Quite
763     59     Quite
787     55     Quite
719     58     Quite
748     54     Quite
757     52     Quite
750     56     Quite
745     56     Quite
774     57     Quite
781     57     Quite
778     56     Quite
738     57     Quite
734     60     Quite
767     57     Quite
784     57     Quite
737     57     Quite
723     59     Quite
759     55     Quite
752     55     Quite
752     55     Quite
752     57     Quite
707     58     Quite
772     56     Quite
764     59     Quite
768     55     Quite
768     54     Quite
754     58     Quite
717     59     Quite
737     58     Quite
715     59     Quite
749     55     Quite
747     58     Quite
739     58     Quite
751     52     Quite
750     57     Quite
752     58     Quite
759     56     Quite
783     57     Quite
750     54     Quite
720     58     Quite
686     57     Quite
731     55     Quite
736     55     Quite
771     57     Quite
751     57     Quite
784     57     Quite
753     55     Quite
750     57     Quite
733     56     Quite
782     57     Quite
765     58     Quite
761     59     Quite
774     60     Quite
750     57     Quite
749     60     Quite
731     57     Quite
767     59     Quite
707     58     Quite
756     53     Quite
753     55     Quite
733     56     Quite
784     55     Quite
770     58     Quite
739     56     Quite
736     56     Quite
789     56     Quite
752     57     Quite
782     53     Quite
739     58     Quite
713     56     Quite
753     59     Quite
779     54     Quite
743     57     Quite
766     54     Quite
761     57     Quite
718     57     Quite
753     58     Quite
751     55     Quite
750     55     Quite
789     59     Quite
753     59     Quite
741     55     Quite
770     59     Quite
766     59     Quite
743     56     Quite
731     55     Quite
753     55     Quite
783     57     Quite
777     56     Quite
754     54     Quite
727     54     Quite
757     56     Quite
740     56     Quite
725     58     Quite
750     57     Quite
737     55     Quite
776     55     Quite
833     54     Quite
771     58     Quite
752     57     Quite
768     57     Quite
707     55     Quite
751     57     Quite
731     57     Quite
767     57     Quite
752     54     Quite
793     58     Quite
770     54     Quite
781     56     Quite
725     54     Quite
729     54     Quite
740     55     Quite
741     55     Quite
752     53     Quite
761     52     Quite
742     55     Quite
773     53     Quite
762     55     Quite
762     57     Quite
750     54     Quite
755     57     Quite
754     54     Quite
755     51     Quite
751     55     Quite
727     55     Quite
724     56     Quite
761     54     Quite
749     56     Quite
751     57     Quite
763     51     Quite
784     57     Quite
749     53     Quite
762     54     Quite
731     57     Quite
765     54     Quite
739     53     Quite
755     53     Quite
753     56     Quite
755     54     Quite
749     56     Quite
762     55     Quite
747     54     Quite
761     56     Quite
731     54     Quite
771     53     Quite
761     55     Quite
768     53     Quite
752     55     Quite
750     56     Quite
767     52     Quite
752     55     Quite
734     55     Quite
763     55     Quite
745     53     Quite
769     55     Quite
752     55     Quite
739     56     Quite
747     53     Quite
763     54     Quite
747     52     Quite
749     53     Quite
761     54     Quite
751     52     Quite
765     54     Quite
746     55     Quite
757     55     Quite
748     54     Quite
750     56     Quite
746     53     Quite
767     53     Quite
749     55     Quite
743     54     Quite
765     56     Quite
735     54     Quite
758     56     Quite
759     52     Quite
752     55     Quite
749     53     Quite
755     54     Quite
760     55     Quite
748     52     Quite
752     56     Quite
757     56     Quite
750     52     Quite
738     54     Quite
743     54     Quite
762     55     Quite
753     55     Quite
754     54     Quite
752     54     Quite
753     54     Quite
754     54     Quite
743     56     Quite
752     54     Quite
752     52     Quite
752     55     Quite
758     54     Quite
735     52     Quite
752     53     Quite
749     54     Quite
752     55     Quite
770     52     Quite
720     55     Quite
772     52     Quite
758     54     Quite
747     52     Quite
752     53     Quite
775     54     Quite
747     54     Quite
743     54     Quite
729     56     Quite
732     52     Quite
734     54     Quite
713     53     Quite
743     54     Quite
742     54     Quite
752     57     Quite
799     53     Quite
756     55     Quite
750     55     Quite
747     54     Quite
752     52     Quite
752     51     Quite
758     55     Quite
752     54     Quite
752     53     Quite
761     54     Quite
751     54     Quite
754     53     Quite
741     53     Quite
749     53     Quite
731     54     Quite
745     54     Quite
749     55     Quite
755     57     Quite
752     52     Quite
727     52     Quite
765     55     Quite
746     54     Quite
745     55     Quite
738     53     Quite
758     53     Quite
746     55     Quite
734     54     Quite
754     54     Quite
708     53     Quite
774     50     Quite
749     54     Quite
743     56     Quite
757     51     Quite
740     57     Quite
738     50     Quite
739     54     Quite
735     55     Quite
755     55     Quite
746     52     Quite
752     56     Quite
751     55     Quite
739     52     Quite
752     54     Quite
669     55     Quite
740     55     Quite
768     52     Quite
755     55     Quite
752     52     Quite
754     56     Quite
737     56     Quite
753     54     Quite
753     53     Quite
754     54     Quite
752     56     Quite
752     53     Quite
743     55     Quite
747     53     Quite
739     53     Quite
742     52     Quite
752     54     Quite
755     54     Quite
737     53     Quite
753     53     Quite
740     52     Quite
746     55     Quite
736     54     Quite
742     54     Quite
752     55     Quite
765     52     Quite
752     53     Quite
752     53     Quite
757     53     Quite
765     54     Quite
766     55     Quite
742     52     Quite
749     53     Quite
748     55     Quite
757     54     Quite
758     54     Quite
769     54     Quite
746     55     Quite
768     53     Quite
753     56     Quite
746     55     Quite
742     54     Quite
742     55     Quite
688     53     Quite
739     55     Quite
751     56     Quite
747     56     Quite
759     55     Quite
750     54     Quite
750     52     Quite
746     54     Quite
750     54     Quite
749     54     Quite
752     52     Quite
671     52     Quite
747     55     Quite
757     54     Quite
714     53     Quite
742     55     Quite
752     54     Quite
741     53     Quite
727     57     Quite
747     55     Quite
749     52     Quite
738     59     Quite
739     55     Quite
704     59     Quite
754     55     Quite
749     55     Quite
654     54     Quite
759     56     Quite
755     57     Quite
723     55     Quite
752     55     Quite
771     56     Quite
752     55     Quite
765     56     Quite
755     53     Quite
754     56     Quite
757     55     Quite
752     57     Quite
767     55     Quite
755     54     Quite
751     54     Quite
781     53     Quite
 